* Starting client
* Connecting to master process on port 4038
* Analyzing classpath: 
  - C:/Users/evtak_000/Documents/School/OSU Junior Year/CS362/project1/target/classes
  - C:\Program Files\Java\jdk1.8.0_121\jre\lib\charsets.jar
  - C:\Program Files\Java\jdk1.8.0_121\jre\lib\deploy.jar
  - C:\Program Files\Java\jdk1.8.0_121\jre\lib\ext\access-bridge-64.jar
  - C:\Program Files\Java\jdk1.8.0_121\jre\lib\ext\cldrdata.jar
  - C:\Program Files\Java\jdk1.8.0_121\jre\lib\ext\dnsns.jar
  - C:\Program Files\Java\jdk1.8.0_121\jre\lib\ext\jaccess.jar
  - C:\Program Files\Java\jdk1.8.0_121\jre\lib\ext\jfxrt.jar
  - C:\Program Files\Java\jdk1.8.0_121\jre\lib\ext\localedata.jar
  - C:\Program Files\Java\jdk1.8.0_121\jre\lib\ext\nashorn.jar
  - C:\Program Files\Java\jdk1.8.0_121\jre\lib\ext\sunec.jar
  - C:\Program Files\Java\jdk1.8.0_121\jre\lib\ext\sunjce_provider.jar
  - C:\Program Files\Java\jdk1.8.0_121\jre\lib\ext\sunmscapi.jar
  - C:\Program Files\Java\jdk1.8.0_121\jre\lib\ext\sunpkcs11.jar
  - C:\Program Files\Java\jdk1.8.0_121\jre\lib\ext\zipfs.jar
  - C:\Program Files\Java\jdk1.8.0_121\jre\lib\javaws.jar
  - C:\Program Files\Java\jdk1.8.0_121\jre\lib\jce.jar
  - C:\Program Files\Java\jdk1.8.0_121\jre\lib\jfr.jar
  - C:\Program Files\Java\jdk1.8.0_121\jre\lib\jfxswt.jar
  - C:\Program Files\Java\jdk1.8.0_121\jre\lib\jsse.jar
  - C:\Program Files\Java\jdk1.8.0_121\jre\lib\management-agent.jar
  - C:\Program Files\Java\jdk1.8.0_121\jre\lib\plugin.jar
  - C:\Program Files\Java\jdk1.8.0_121\jre\lib\resources.jar
  - C:\Program Files\Java\jdk1.8.0_121\jre\lib\rt.jar
  - C:\Users\evtak_000\Documents\School\OSU Junior Year\CS362\project1\target\test-classes
  - C:\Users\evtak_000\Documents\School\OSU Junior Year\CS362\project1\target\classes
* Finished analyzing classpath
* Generating tests for class GenQueue
* Test criteria:
  - Line Coverage
  - Branch Coverage
  - Exception
  - Mutation testing (weak)
  - Method-Output Coverage
  - Top-Level Method Coverage
  - No-Exception Top-Level Method Coverage
  - Context Branch Coverage
* Setting up search algorithm for whole suite generation
* Total number of test goals: 
  - Line 8
  - Branch 8
  - Exception 0
  - MutationFactory 6
  - Output 7
  - Method 6
  - MethodNoException 6
  - CBranchFitnessFactory 8
* Using seed 1492491544290
* Starting evolution
[MASTER] 21:59:23.723 [TEST_EXECUTION_THREAD_0] WARN  OutputCoverageGoal - Class org.evosuite.assertion.Inspector can not access a member of class GenQueue with modifiers "public"
java.lang.IllegalAccessException: Class org.evosuite.assertion.Inspector can not access a member of class GenQueue with modifiers "public"
	at sun.reflect.Reflection.ensureMemberAccess(Reflection.java:102) ~[na:1.8.0_121]
	at java.lang.reflect.AccessibleObject.slowCheckMemberAccess(AccessibleObject.java:296) ~[na:1.8.0_121]
	at java.lang.reflect.AccessibleObject.checkAccess(AccessibleObject.java:288) ~[na:1.8.0_121]
	at java.lang.reflect.Method.invoke(Method.java:491) ~[na:1.8.0_121]
	at org.evosuite.assertion.Inspector.getValue(Inspector.java:86) ~[evosuite-1.0.3.jar:1.0.3]
	at org.evosuite.coverage.io.output.OutputCoverageGoal.createGoalsFromObject(OutputCoverageGoal.java:258) ~[evosuite-1.0.3.jar:1.0.3]
	at org.evosuite.coverage.io.output.OutputObserver.afterStatement(OutputObserver.java:79) [evosuite-1.0.3.jar:1.0.3]
	at org.evosuite.testcase.execution.TestRunnable.informObservers_after(TestRunnable.java:163) [evosuite-1.0.3.jar:1.0.3]
	at org.evosuite.testcase.execution.TestRunnable.executeStatements(TestRunnable.java:361) [evosuite-1.0.3.jar:1.0.3]
	at org.evosuite.testcase.execution.TestRunnable.call(TestRunnable.java:212) [evosuite-1.0.3.jar:1.0.3]
	at org.evosuite.testcase.execution.TestRunnable.call(TestRunnable.java:55) [evosuite-1.0.3.jar:1.0.3]
	at java.util.concurrent.FutureTask.run(FutureTask.java:266) [na:1.8.0_121]
	at java.util.concurrent.ThreadPoolExecutor.runWorker(ThreadPoolExecutor.java:1142) [na:1.8.0_121]
	at java.util.concurrent.ThreadPoolExecutor$Worker.run(ThreadPoolExecutor.java:617) [na:1.8.0_121]
	at java.lang.Thread.run(Thread.java:745) [na:1.8.0_121]
[MASTER] 21:59:41.972 [TEST_EXECUTION_THREAD_0] WARN  OutputCoverageGoal - Class org.evosuite.assertion.Inspector can not access a member of class GenQueue with modifiers "public"
java.lang.IllegalAccessException: Class org.evosuite.assertion.Inspector can not access a member of class GenQueue with modifiers "public"
	at sun.reflect.Reflection.ensureMemberAccess(Reflection.java:102) ~[na:1.8.0_121]
	at java.lang.reflect.AccessibleObject.slowCheckMemberAccess(AccessibleObject.java:296) ~[na:1.8.0_121]
	at java.lang.reflect.AccessibleObject.checkAccess(AccessibleObject.java:288) ~[na:1.8.0_121]
	at java.lang.reflect.Method.invoke(Method.java:491) ~[na:1.8.0_121]
	at org.evosuite.assertion.Inspector.getValue(Inspector.java:86) ~[evosuite-1.0.3.jar:1.0.3]
	at org.evosuite.coverage.io.output.OutputCoverageGoal.createGoalsFromObject(OutputCoverageGoal.java:258) ~[evosuite-1.0.3.jar:1.0.3]
	at org.evosuite.coverage.io.output.OutputObserver.afterStatement(OutputObserver.java:79) [evosuite-1.0.3.jar:1.0.3]
	at org.evosuite.testcase.execution.TestRunnable.informObservers_after(TestRunnable.java:163) [evosuite-1.0.3.jar:1.0.3]
	at org.evosuite.testcase.execution.TestRunnable.executeStatements(TestRunnable.java:361) [evosuite-1.0.3.jar:1.0.3]
	at org.evosuite.testcase.execution.TestRunnable.call(TestRunnable.java:212) [evosuite-1.0.3.jar:1.0.3]
	at org.evosuite.testcase.execution.TestRunnable.call(TestRunnable.java:55) [evosuite-1.0.3.jar:1.0.3]
	at java.util.concurrent.FutureTask.run(FutureTask.java:266) [na:1.8.0_121]
	at java.util.concurrent.ThreadPoolExecutor.runWorker(ThreadPoolExecutor.java:1142) [na:1.8.0_121]
	at java.util.concurrent.ThreadPoolExecutor$Worker.run(ThreadPoolExecutor.java:617) [na:1.8.0_121]
	at java.lang.Thread.run(Thread.java:745) [na:1.8.0_121]
[MASTER] 21:59:52.323 [TEST_EXECUTION_THREAD_0] WARN  OutputCoverageGoal - Class org.evosuite.assertion.Inspector can not access a member of class GenQueue with modifiers "public"
java.lang.IllegalAccessException: Class org.evosuite.assertion.Inspector can not access a member of class GenQueue with modifiers "public"
	at sun.reflect.Reflection.ensureMemberAccess(Reflection.java:102) ~[na:1.8.0_121]
	at java.lang.reflect.AccessibleObject.slowCheckMemberAccess(AccessibleObject.java:296) ~[na:1.8.0_121]
	at java.lang.reflect.AccessibleObject.checkAccess(AccessibleObject.java:288) ~[na:1.8.0_121]
	at java.lang.reflect.Method.invoke(Method.java:491) ~[na:1.8.0_121]
	at org.evosuite.assertion.Inspector.getValue(Inspector.java:86) ~[evosuite-1.0.3.jar:1.0.3]
	at org.evosuite.coverage.io.output.OutputCoverageGoal.createGoalsFromObject(OutputCoverageGoal.java:258) ~[evosuite-1.0.3.jar:1.0.3]
	at org.evosuite.coverage.io.output.OutputObserver.afterStatement(OutputObserver.java:79) [evosuite-1.0.3.jar:1.0.3]
	at org.evosuite.testcase.execution.TestRunnable.informObservers_after(TestRunnable.java:163) [evosuite-1.0.3.jar:1.0.3]
	at org.evosuite.testcase.execution.TestRunnable.executeStatements(TestRunnable.java:361) [evosuite-1.0.3.jar:1.0.3]
	at org.evosuite.testcase.execution.TestRunnable.call(TestRunnable.java:212) [evosuite-1.0.3.jar:1.0.3]
	at org.evosuite.testcase.execution.TestRunnable.call(TestRunnable.java:55) [evosuite-1.0.3.jar:1.0.3]
	at java.util.concurrent.FutureTask.run(FutureTask.java:266) [na:1.8.0_121]
	at java.util.concurrent.ThreadPoolExecutor.runWorker(ThreadPoolExecutor.java:1142) [na:1.8.0_121]
	at java.util.concurrent.ThreadPoolExecutor$Worker.run(ThreadPoolExecutor.java:617) [na:1.8.0_121]
	at java.lang.Thread.run(Thread.java:745) [na:1.8.0_121]
[MASTER] 22:00:05.434 [TEST_EXECUTION_THREAD_0] WARN  OutputCoverageGoal - Class org.evosuite.assertion.Inspector can not access a member of class GenQueue with modifiers "public"
java.lang.IllegalAccessException: Class org.evosuite.assertion.Inspector can not access a member of class GenQueue with modifiers "public"
	at sun.reflect.Reflection.ensureMemberAccess(Reflection.java:102) ~[na:1.8.0_121]
	at java.lang.reflect.AccessibleObject.slowCheckMemberAccess(AccessibleObject.java:296) ~[na:1.8.0_121]
	at java.lang.reflect.AccessibleObject.checkAccess(AccessibleObject.java:288) ~[na:1.8.0_121]
	at java.lang.reflect.Method.invoke(Method.java:491) ~[na:1.8.0_121]
	at org.evosuite.assertion.Inspector.getValue(Inspector.java:86) ~[evosuite-1.0.3.jar:1.0.3]
	at org.evosuite.coverage.io.output.OutputCoverageGoal.createGoalsFromObject(OutputCoverageGoal.java:258) ~[evosuite-1.0.3.jar:1.0.3]
	at org.evosuite.coverage.io.output.OutputObserver.afterStatement(OutputObserver.java:79) [evosuite-1.0.3.jar:1.0.3]
	at org.evosuite.testcase.execution.TestRunnable.informObservers_after(TestRunnable.java:163) [evosuite-1.0.3.jar:1.0.3]
	at org.evosuite.testcase.execution.TestRunnable.executeStatements(TestRunnable.java:361) [evosuite-1.0.3.jar:1.0.3]
	at org.evosuite.testcase.execution.TestRunnable.call(TestRunnable.java:212) [evosuite-1.0.3.jar:1.0.3]
	at org.evosuite.testcase.execution.TestRunnable.call(TestRunnable.java:55) [evosuite-1.0.3.jar:1.0.3]
	at java.util.concurrent.FutureTask.run(FutureTask.java:266) [na:1.8.0_121]
	at java.util.concurrent.ThreadPoolExecutor.runWorker(ThreadPoolExecutor.java:1142) [na:1.8.0_121]
	at java.util.concurrent.ThreadPoolExecutor$Worker.run(ThreadPoolExecutor.java:617) [na:1.8.0_121]
	at java.lang.Thread.run(Thread.java:745) [na:1.8.0_121]
[MASTER] 22:00:36.018 [TEST_EXECUTION_THREAD_0] WARN  OutputCoverageGoal - Class org.evosuite.assertion.Inspector can not access a member of class GenQueue with modifiers "public"
java.lang.IllegalAccessException: Class org.evosuite.assertion.Inspector can not access a member of class GenQueue with modifiers "public"
	at sun.reflect.Reflection.ensureMemberAccess(Reflection.java:102) ~[na:1.8.0_121]
	at java.lang.reflect.AccessibleObject.slowCheckMemberAccess(AccessibleObject.java:296) ~[na:1.8.0_121]
	at java.lang.reflect.AccessibleObject.checkAccess(AccessibleObject.java:288) ~[na:1.8.0_121]
	at java.lang.reflect.Method.invoke(Method.java:491) ~[na:1.8.0_121]
	at org.evosuite.assertion.Inspector.getValue(Inspector.java:86) ~[evosuite-1.0.3.jar:1.0.3]
	at org.evosuite.coverage.io.output.OutputCoverageGoal.createGoalsFromObject(OutputCoverageGoal.java:258) ~[evosuite-1.0.3.jar:1.0.3]
	at org.evosuite.coverage.io.output.OutputObserver.afterStatement(OutputObserver.java:79) [evosuite-1.0.3.jar:1.0.3]
	at org.evosuite.testcase.execution.TestRunnable.informObservers_after(TestRunnable.java:163) [evosuite-1.0.3.jar:1.0.3]
	at org.evosuite.testcase.execution.TestRunnable.executeStatements(TestRunnable.java:361) [evosuite-1.0.3.jar:1.0.3]
	at org.evosuite.testcase.execution.TestRunnable.call(TestRunnable.java:212) [evosuite-1.0.3.jar:1.0.3]
	at org.evosuite.testcase.execution.TestRunnable.call(TestRunnable.java:55) [evosuite-1.0.3.jar:1.0.3]
	at java.util.concurrent.FutureTask.run(FutureTask.java:266) [na:1.8.0_121]
	at java.util.concurrent.ThreadPoolExecutor.runWorker(ThreadPoolExecutor.java:1142) [na:1.8.0_121]
	at java.util.concurrent.ThreadPoolExecutor$Worker.run(ThreadPoolExecutor.java:617) [na:1.8.0_121]
	at java.lang.Thread.run(Thread.java:745) [na:1.8.0_121]
[MASTER] 22:00:42.964 [TEST_EXECUTION_THREAD_0] WARN  OutputCoverageGoal - Class org.evosuite.assertion.Inspector can not access a member of class GenQueue with modifiers "public"
java.lang.IllegalAccessException: Class org.evosuite.assertion.Inspector can not access a member of class GenQueue with modifiers "public"
	at sun.reflect.Reflection.ensureMemberAccess(Reflection.java:102) ~[na:1.8.0_121]
	at java.lang.reflect.AccessibleObject.slowCheckMemberAccess(AccessibleObject.java:296) ~[na:1.8.0_121]
	at java.lang.reflect.AccessibleObject.checkAccess(AccessibleObject.java:288) ~[na:1.8.0_121]
	at java.lang.reflect.Method.invoke(Method.java:491) ~[na:1.8.0_121]
	at org.evosuite.assertion.Inspector.getValue(Inspector.java:86) ~[evosuite-1.0.3.jar:1.0.3]
	at org.evosuite.coverage.io.output.OutputCoverageGoal.createGoalsFromObject(OutputCoverageGoal.java:258) ~[evosuite-1.0.3.jar:1.0.3]
	at org.evosuite.coverage.io.output.OutputObserver.afterStatement(OutputObserver.java:79) [evosuite-1.0.3.jar:1.0.3]
	at org.evosuite.testcase.execution.TestRunnable.informObservers_after(TestRunnable.java:163) [evosuite-1.0.3.jar:1.0.3]
	at org.evosuite.testcase.execution.TestRunnable.executeStatements(TestRunnable.java:361) [evosuite-1.0.3.jar:1.0.3]
	at org.evosuite.testcase.execution.TestRunnable.call(TestRunnable.java:212) [evosuite-1.0.3.jar:1.0.3]
	at org.evosuite.testcase.execution.TestRunnable.call(TestRunnable.java:55) [evosuite-1.0.3.jar:1.0.3]
	at java.util.concurrent.FutureTask.run(FutureTask.java:266) [na:1.8.0_121]
	at java.util.concurrent.ThreadPoolExecutor.runWorker(ThreadPoolExecutor.java:1142) [na:1.8.0_121]
	at java.util.concurrent.ThreadPoolExecutor$Worker.run(ThreadPoolExecutor.java:617) [na:1.8.0_121]
	at java.lang.Thread.run(Thread.java:745) [na:1.8.0_121]
* Search finished after 96s and 0 generations, 1110 statements, best individual has fitness: 0.75
* Writing sequences to pool
[MASTER] 22:00:50.866 [TEST_EXECUTION_THREAD_0] WARN  OutputCoverageGoal - Class org.evosuite.assertion.Inspector can not access a member of class GenQueue with modifiers "public"
java.lang.IllegalAccessException: Class org.evosuite.assertion.Inspector can not access a member of class GenQueue with modifiers "public"
	at sun.reflect.Reflection.ensureMemberAccess(Reflection.java:102) ~[na:1.8.0_121]
	at java.lang.reflect.AccessibleObject.slowCheckMemberAccess(AccessibleObject.java:296) ~[na:1.8.0_121]
	at java.lang.reflect.AccessibleObject.checkAccess(AccessibleObject.java:288) ~[na:1.8.0_121]
	at java.lang.reflect.Method.invoke(Method.java:491) ~[na:1.8.0_121]
	at org.evosuite.assertion.Inspector.getValue(Inspector.java:86) ~[evosuite-1.0.3.jar:1.0.3]
	at org.evosuite.coverage.io.output.OutputCoverageGoal.createGoalsFromObject(OutputCoverageGoal.java:258) ~[evosuite-1.0.3.jar:1.0.3]
	at org.evosuite.coverage.io.output.OutputObserver.afterStatement(OutputObserver.java:79) [evosuite-1.0.3.jar:1.0.3]
	at org.evosuite.testcase.execution.TestRunnable.informObservers_after(TestRunnable.java:163) [evosuite-1.0.3.jar:1.0.3]
	at org.evosuite.testcase.execution.TestRunnable.executeStatements(TestRunnable.java:361) [evosuite-1.0.3.jar:1.0.3]
	at org.evosuite.testcase.execution.TestRunnable.call(TestRunnable.java:212) [evosuite-1.0.3.jar:1.0.3]
	at org.evosuite.testcase.execution.TestRunnable.call(TestRunnable.java:55) [evosuite-1.0.3.jar:1.0.3]
	at java.util.concurrent.FutureTask.run(FutureTask.java:266) [na:1.8.0_121]
	at java.util.concurrent.ThreadPoolExecutor.runWorker(ThreadPoolExecutor.java:1142) [na:1.8.0_121]
	at java.util.concurrent.ThreadPoolExecutor$Worker.run(ThreadPoolExecutor.java:617) [na:1.8.0_121]
	at java.lang.Thread.run(Thread.java:745) [na:1.8.0_121]
* Minimizing test suite
[MASTER] 22:00:50.912 [TEST_EXECUTION_THREAD_0] WARN  OutputCoverageGoal - Class org.evosuite.assertion.Inspector can not access a member of class GenQueue with modifiers "public"
java.lang.IllegalAccessException: Class org.evosuite.assertion.Inspector can not access a member of class GenQueue with modifiers "public"
	at sun.reflect.Reflection.ensureMemberAccess(Reflection.java:102) ~[na:1.8.0_121]
	at java.lang.reflect.AccessibleObject.slowCheckMemberAccess(AccessibleObject.java:296) ~[na:1.8.0_121]
	at java.lang.reflect.AccessibleObject.checkAccess(AccessibleObject.java:288) ~[na:1.8.0_121]
	at java.lang.reflect.Method.invoke(Method.java:491) ~[na:1.8.0_121]
	at org.evosuite.assertion.Inspector.getValue(Inspector.java:86) ~[evosuite-1.0.3.jar:1.0.3]
	at org.evosuite.coverage.io.output.OutputCoverageGoal.createGoalsFromObject(OutputCoverageGoal.java:258) ~[evosuite-1.0.3.jar:1.0.3]
	at org.evosuite.coverage.io.output.OutputObserver.afterStatement(OutputObserver.java:79) [evosuite-1.0.3.jar:1.0.3]
	at org.evosuite.testcase.execution.TestRunnable.informObservers_after(TestRunnable.java:163) [evosuite-1.0.3.jar:1.0.3]
	at org.evosuite.testcase.execution.TestRunnable.executeStatements(TestRunnable.java:361) [evosuite-1.0.3.jar:1.0.3]
	at org.evosuite.testcase.execution.TestRunnable.call(TestRunnable.java:212) [evosuite-1.0.3.jar:1.0.3]
	at org.evosuite.testcase.execution.TestRunnable.call(TestRunnable.java:55) [evosuite-1.0.3.jar:1.0.3]
	at java.util.concurrent.FutureTask.run(FutureTask.java:266) [na:1.8.0_121]
	at java.util.concurrent.ThreadPoolExecutor.runWorker(ThreadPoolExecutor.java:1142) [na:1.8.0_121]
	at java.util.concurrent.ThreadPoolExecutor$Worker.run(ThreadPoolExecutor.java:617) [na:1.8.0_121]
	at java.lang.Thread.run(Thread.java:745) [na:1.8.0_121]
[MASTER] 22:00:50.915 [TEST_EXECUTION_THREAD_0] WARN  OutputCoverageGoal - Class org.evosuite.assertion.Inspector can not access a member of class GenQueue with modifiers "public"
java.lang.IllegalAccessException: Class org.evosuite.assertion.Inspector can not access a member of class GenQueue with modifiers "public"
	at sun.reflect.Reflection.ensureMemberAccess(Reflection.java:102) ~[na:1.8.0_121]
	at java.lang.reflect.AccessibleObject.slowCheckMemberAccess(AccessibleObject.java:296) ~[na:1.8.0_121]
	at java.lang.reflect.AccessibleObject.checkAccess(AccessibleObject.java:288) ~[na:1.8.0_121]
	at java.lang.reflect.Method.invoke(Method.java:491) ~[na:1.8.0_121]
	at org.evosuite.assertion.Inspector.getValue(Inspector.java:86) ~[evosuite-1.0.3.jar:1.0.3]
	at org.evosuite.coverage.io.output.OutputCoverageGoal.createGoalsFromObject(OutputCoverageGoal.java:258) ~[evosuite-1.0.3.jar:1.0.3]
	at org.evosuite.coverage.io.output.OutputObserver.afterStatement(OutputObserver.java:79) [evosuite-1.0.3.jar:1.0.3]
	at org.evosuite.testcase.execution.TestRunnable.informObservers_after(TestRunnable.java:163) [evosuite-1.0.3.jar:1.0.3]
	at org.evosuite.testcase.execution.TestRunnable.executeStatements(TestRunnable.java:361) [evosuite-1.0.3.jar:1.0.3]
	at org.evosuite.testcase.execution.TestRunnable.call(TestRunnable.java:212) [evosuite-1.0.3.jar:1.0.3]
	at org.evosuite.testcase.execution.TestRunnable.call(TestRunnable.java:55) [evosuite-1.0.3.jar:1.0.3]
	at java.util.concurrent.FutureTask.run(FutureTask.java:266) [na:1.8.0_121]
	at java.util.concurrent.ThreadPoolExecutor.runWorker(ThreadPoolExecutor.java:1142) [na:1.8.0_121]
	at java.util.concurrent.ThreadPoolExecutor$Worker.run(ThreadPoolExecutor.java:617) [na:1.8.0_121]
	at java.lang.Thread.run(Thread.java:745) [na:1.8.0_121]
[MASTER] 22:00:50.918 [TEST_EXECUTION_THREAD_0] WARN  OutputCoverageGoal - Class org.evosuite.assertion.Inspector can not access a member of class GenQueue with modifiers "public"
java.lang.IllegalAccessException: Class org.evosuite.assertion.Inspector can not access a member of class GenQueue with modifiers "public"
	at sun.reflect.Reflection.ensureMemberAccess(Reflection.java:102) ~[na:1.8.0_121]
	at java.lang.reflect.AccessibleObject.slowCheckMemberAccess(AccessibleObject.java:296) ~[na:1.8.0_121]
	at java.lang.reflect.AccessibleObject.checkAccess(AccessibleObject.java:288) ~[na:1.8.0_121]
	at java.lang.reflect.Method.invoke(Method.java:491) ~[na:1.8.0_121]
	at org.evosuite.assertion.Inspector.getValue(Inspector.java:86) ~[evosuite-1.0.3.jar:1.0.3]
	at org.evosuite.coverage.io.output.OutputCoverageGoal.createGoalsFromObject(OutputCoverageGoal.java:258) ~[evosuite-1.0.3.jar:1.0.3]
	at org.evosuite.coverage.io.output.OutputObserver.afterStatement(OutputObserver.java:79) [evosuite-1.0.3.jar:1.0.3]
	at org.evosuite.testcase.execution.TestRunnable.informObservers_after(TestRunnable.java:163) [evosuite-1.0.3.jar:1.0.3]
	at org.evosuite.testcase.execution.TestRunnable.executeStatements(TestRunnable.java:361) [evosuite-1.0.3.jar:1.0.3]
	at org.evosuite.testcase.execution.TestRunnable.call(TestRunnable.java:212) [evosuite-1.0.3.jar:1.0.3]
	at org.evosuite.testcase.execution.TestRunnable.call(TestRunnable.java:55) [evosuite-1.0.3.jar:1.0.3]
	at java.util.concurrent.FutureTask.run(FutureTask.java:266) [na:1.8.0_121]
	at java.util.concurrent.ThreadPoolExecutor.runWorker(ThreadPoolExecutor.java:1142) [na:1.8.0_121]
	at java.util.concurrent.ThreadPoolExecutor$Worker.run(ThreadPoolExecutor.java:617) [na:1.8.0_121]
	at java.lang.Thread.run(Thread.java:745) [na:1.8.0_121]
[MASTER] 22:00:50.920 [TEST_EXECUTION_THREAD_0] WARN  OutputCoverageGoal - Class org.evosuite.assertion.Inspector can not access a member of class GenQueue with modifiers "public"
java.lang.IllegalAccessException: Class org.evosuite.assertion.Inspector can not access a member of class GenQueue with modifiers "public"
	at sun.reflect.Reflection.ensureMemberAccess(Reflection.java:102) ~[na:1.8.0_121]
	at java.lang.reflect.AccessibleObject.slowCheckMemberAccess(AccessibleObject.java:296) ~[na:1.8.0_121]
	at java.lang.reflect.AccessibleObject.checkAccess(AccessibleObject.java:288) ~[na:1.8.0_121]
	at java.lang.reflect.Method.invoke(Method.java:491) ~[na:1.8.0_121]
	at org.evosuite.assertion.Inspector.getValue(Inspector.java:86) ~[evosuite-1.0.3.jar:1.0.3]
	at org.evosuite.coverage.io.output.OutputCoverageGoal.createGoalsFromObject(OutputCoverageGoal.java:258) ~[evosuite-1.0.3.jar:1.0.3]
	at org.evosuite.coverage.io.output.OutputObserver.afterStatement(OutputObserver.java:79) [evosuite-1.0.3.jar:1.0.3]
	at org.evosuite.testcase.execution.TestRunnable.informObservers_after(TestRunnable.java:163) [evosuite-1.0.3.jar:1.0.3]
	at org.evosuite.testcase.execution.TestRunnable.executeStatements(TestRunnable.java:361) [evosuite-1.0.3.jar:1.0.3]
	at org.evosuite.testcase.execution.TestRunnable.call(TestRunnable.java:212) [evosuite-1.0.3.jar:1.0.3]
	at org.evosuite.testcase.execution.TestRunnable.call(TestRunnable.java:55) [evosuite-1.0.3.jar:1.0.3]
	at java.util.concurrent.FutureTask.run(FutureTask.java:266) [na:1.8.0_121]
	at java.util.concurrent.ThreadPoolExecutor.runWorker(ThreadPoolExecutor.java:1142) [na:1.8.0_121]
	at java.util.concurrent.ThreadPoolExecutor$Worker.run(ThreadPoolExecutor.java:617) [na:1.8.0_121]
	at java.lang.Thread.run(Thread.java:745) [na:1.8.0_121]
[MASTER] 22:00:50.922 [TEST_EXECUTION_THREAD_0] WARN  OutputCoverageGoal - Class org.evosuite.assertion.Inspector can not access a member of class GenQueue with modifiers "public"
java.lang.IllegalAccessException: Class org.evosuite.assertion.Inspector can not access a member of class GenQueue with modifiers "public"
	at sun.reflect.Reflection.ensureMemberAccess(Reflection.java:102) ~[na:1.8.0_121]
	at java.lang.reflect.AccessibleObject.slowCheckMemberAccess(AccessibleObject.java:296) ~[na:1.8.0_121]
	at java.lang.reflect.AccessibleObject.checkAccess(AccessibleObject.java:288) ~[na:1.8.0_121]
	at java.lang.reflect.Method.invoke(Method.java:491) ~[na:1.8.0_121]
	at org.evosuite.assertion.Inspector.getValue(Inspector.java:86) ~[evosuite-1.0.3.jar:1.0.3]
	at org.evosuite.coverage.io.output.OutputCoverageGoal.createGoalsFromObject(OutputCoverageGoal.java:258) ~[evosuite-1.0.3.jar:1.0.3]
	at org.evosuite.coverage.io.output.OutputObserver.afterStatement(OutputObserver.java:79) [evosuite-1.0.3.jar:1.0.3]
	at org.evosuite.testcase.execution.TestRunnable.informObservers_after(TestRunnable.java:163) [evosuite-1.0.3.jar:1.0.3]
	at org.evosuite.testcase.execution.TestRunnable.executeStatements(TestRunnable.java:361) [evosuite-1.0.3.jar:1.0.3]
	at org.evosuite.testcase.execution.TestRunnable.call(TestRunnable.java:212) [evosuite-1.0.3.jar:1.0.3]
	at org.evosuite.testcase.execution.TestRunnable.call(TestRunnable.java:55) [evosuite-1.0.3.jar:1.0.3]
	at java.util.concurrent.FutureTask.run(FutureTask.java:266) [na:1.8.0_121]
	at java.util.concurrent.ThreadPoolExecutor.runWorker(ThreadPoolExecutor.java:1142) [na:1.8.0_121]
	at java.util.concurrent.ThreadPoolExecutor$Worker.run(ThreadPoolExecutor.java:617) [na:1.8.0_121]
	at java.lang.Thread.run(Thread.java:745) [na:1.8.0_121]
[MASTER] 22:00:50.925 [TEST_EXECUTION_THREAD_0] WARN  OutputCoverageGoal - Class org.evosuite.assertion.Inspector can not access a member of class GenQueue with modifiers "public"
java.lang.IllegalAccessException: Class org.evosuite.assertion.Inspector can not access a member of class GenQueue with modifiers "public"
	at sun.reflect.Reflection.ensureMemberAccess(Reflection.java:102) ~[na:1.8.0_121]
	at java.lang.reflect.AccessibleObject.slowCheckMemberAccess(AccessibleObject.java:296) ~[na:1.8.0_121]
	at java.lang.reflect.AccessibleObject.checkAccess(AccessibleObject.java:288) ~[na:1.8.0_121]
	at java.lang.reflect.Method.invoke(Method.java:491) ~[na:1.8.0_121]
	at org.evosuite.assertion.Inspector.getValue(Inspector.java:86) ~[evosuite-1.0.3.jar:1.0.3]
	at org.evosuite.coverage.io.output.OutputCoverageGoal.createGoalsFromObject(OutputCoverageGoal.java:258) ~[evosuite-1.0.3.jar:1.0.3]
	at org.evosuite.coverage.io.output.OutputObserver.afterStatement(OutputObserver.java:79) [evosuite-1.0.3.jar:1.0.3]
	at org.evosuite.testcase.execution.TestRunnable.informObservers_after(TestRunnable.java:163) [evosuite-1.0.3.jar:1.0.3]
	at org.evosuite.testcase.execution.TestRunnable.executeStatements(TestRunnable.java:361) [evosuite-1.0.3.jar:1.0.3]
	at org.evosuite.testcase.execution.TestRunnable.call(TestRunnable.java:212) [evosuite-1.0.3.jar:1.0.3]
	at org.evosuite.testcase.execution.TestRunnable.call(TestRunnable.java:55) [evosuite-1.0.3.jar:1.0.3]
	at java.util.concurrent.FutureTask.run(FutureTask.java:266) [na:1.8.0_121]
	at java.util.concurrent.ThreadPoolExecutor.runWorker(ThreadPoolExecutor.java:1142) [na:1.8.0_121]
	at java.util.concurrent.ThreadPoolExecutor$Worker.run(ThreadPoolExecutor.java:617) [na:1.8.0_121]
	at java.lang.Thread.run(Thread.java:745) [na:1.8.0_121]
[MASTER] 22:00:50.927 [TEST_EXECUTION_THREAD_0] WARN  OutputCoverageGoal - Class org.evosuite.assertion.Inspector can not access a member of class GenQueue with modifiers "public"
java.lang.IllegalAccessException: Class org.evosuite.assertion.Inspector can not access a member of class GenQueue with modifiers "public"
	at sun.reflect.Reflection.ensureMemberAccess(Reflection.java:102) ~[na:1.8.0_121]
	at java.lang.reflect.AccessibleObject.slowCheckMemberAccess(AccessibleObject.java:296) ~[na:1.8.0_121]
	at java.lang.reflect.AccessibleObject.checkAccess(AccessibleObject.java:288) ~[na:1.8.0_121]
	at java.lang.reflect.Method.invoke(Method.java:491) ~[na:1.8.0_121]
	at org.evosuite.assertion.Inspector.getValue(Inspector.java:86) ~[evosuite-1.0.3.jar:1.0.3]
	at org.evosuite.coverage.io.output.OutputCoverageGoal.createGoalsFromObject(OutputCoverageGoal.java:258) ~[evosuite-1.0.3.jar:1.0.3]
	at org.evosuite.coverage.io.output.OutputObserver.afterStatement(OutputObserver.java:79) [evosuite-1.0.3.jar:1.0.3]
	at org.evosuite.testcase.execution.TestRunnable.informObservers_after(TestRunnable.java:163) [evosuite-1.0.3.jar:1.0.3]
	at org.evosuite.testcase.execution.TestRunnable.executeStatements(TestRunnable.java:361) [evosuite-1.0.3.jar:1.0.3]
	at org.evosuite.testcase.execution.TestRunnable.call(TestRunnable.java:212) [evosuite-1.0.3.jar:1.0.3]
	at org.evosuite.testcase.execution.TestRunnable.call(TestRunnable.java:55) [evosuite-1.0.3.jar:1.0.3]
	at java.util.concurrent.FutureTask.run(FutureTask.java:266) [na:1.8.0_121]
	at java.util.concurrent.ThreadPoolExecutor.runWorker(ThreadPoolExecutor.java:1142) [na:1.8.0_121]
	at java.util.concurrent.ThreadPoolExecutor$Worker.run(ThreadPoolExecutor.java:617) [na:1.8.0_121]
	at java.lang.Thread.run(Thread.java:745) [na:1.8.0_121]
[MASTER] 22:00:50.930 [TEST_EXECUTION_THREAD_0] WARN  OutputCoverageGoal - Class org.evosuite.assertion.Inspector can not access a member of class GenQueue with modifiers "public"
java.lang.IllegalAccessException: Class org.evosuite.assertion.Inspector can not access a member of class GenQueue with modifiers "public"
	at sun.reflect.Reflection.ensureMemberAccess(Reflection.java:102) ~[na:1.8.0_121]
	at java.lang.reflect.AccessibleObject.slowCheckMemberAccess(AccessibleObject.java:296) ~[na:1.8.0_121]
	at java.lang.reflect.AccessibleObject.checkAccess(AccessibleObject.java:288) ~[na:1.8.0_121]
	at java.lang.reflect.Method.invoke(Method.java:491) ~[na:1.8.0_121]
	at org.evosuite.assertion.Inspector.getValue(Inspector.java:86) ~[evosuite-1.0.3.jar:1.0.3]
	at org.evosuite.coverage.io.output.OutputCoverageGoal.createGoalsFromObject(OutputCoverageGoal.java:258) ~[evosuite-1.0.3.jar:1.0.3]
	at org.evosuite.coverage.io.output.OutputObserver.afterStatement(OutputObserver.java:79) [evosuite-1.0.3.jar:1.0.3]
	at org.evosuite.testcase.execution.TestRunnable.informObservers_after(TestRunnable.java:163) [evosuite-1.0.3.jar:1.0.3]
	at org.evosuite.testcase.execution.TestRunnable.executeStatements(TestRunnable.java:361) [evosuite-1.0.3.jar:1.0.3]
	at org.evosuite.testcase.execution.TestRunnable.call(TestRunnable.java:212) [evosuite-1.0.3.jar:1.0.3]
	at org.evosuite.testcase.execution.TestRunnable.call(TestRunnable.java:55) [evosuite-1.0.3.jar:1.0.3]
	at java.util.concurrent.FutureTask.run(FutureTask.java:266) [na:1.8.0_121]
	at java.util.concurrent.ThreadPoolExecutor.runWorker(ThreadPoolExecutor.java:1142) [na:1.8.0_121]
	at java.util.concurrent.ThreadPoolExecutor$Worker.run(ThreadPoolExecutor.java:617) [na:1.8.0_121]
	at java.lang.Thread.run(Thread.java:745) [na:1.8.0_121]
[MASTER] 22:00:50.932 [TEST_EXECUTION_THREAD_0] WARN  OutputCoverageGoal - Class org.evosuite.assertion.Inspector can not access a member of class GenQueue with modifiers "public"
java.lang.IllegalAccessException: Class org.evosuite.assertion.Inspector can not access a member of class GenQueue with modifiers "public"
	at sun.reflect.Reflection.ensureMemberAccess(Reflection.java:102) ~[na:1.8.0_121]
	at java.lang.reflect.AccessibleObject.slowCheckMemberAccess(AccessibleObject.java:296) ~[na:1.8.0_121]
	at java.lang.reflect.AccessibleObject.checkAccess(AccessibleObject.java:288) ~[na:1.8.0_121]
	at java.lang.reflect.Method.invoke(Method.java:491) ~[na:1.8.0_121]
	at org.evosuite.assertion.Inspector.getValue(Inspector.java:86) ~[evosuite-1.0.3.jar:1.0.3]
	at org.evosuite.coverage.io.output.OutputCoverageGoal.createGoalsFromObject(OutputCoverageGoal.java:258) ~[evosuite-1.0.3.jar:1.0.3]
	at org.evosuite.coverage.io.output.OutputObserver.afterStatement(OutputObserver.java:79) [evosuite-1.0.3.jar:1.0.3]
	at org.evosuite.testcase.execution.TestRunnable.informObservers_after(TestRunnable.java:163) [evosuite-1.0.3.jar:1.0.3]
	at org.evosuite.testcase.execution.TestRunnable.executeStatements(TestRunnable.java:361) [evosuite-1.0.3.jar:1.0.3]
	at org.evosuite.testcase.execution.TestRunnable.call(TestRunnable.java:212) [evosuite-1.0.3.jar:1.0.3]
	at org.evosuite.testcase.execution.TestRunnable.call(TestRunnable.java:55) [evosuite-1.0.3.jar:1.0.3]
	at java.util.concurrent.FutureTask.run(FutureTask.java:266) [na:1.8.0_121]
	at java.util.concurrent.ThreadPoolExecutor.runWorker(ThreadPoolExecutor.java:1142) [na:1.8.0_121]
	at java.util.concurrent.ThreadPoolExecutor$Worker.run(ThreadPoolExecutor.java:617) [na:1.8.0_121]
	at java.lang.Thread.run(Thread.java:745) [na:1.8.0_121]
[MASTER] 22:00:50.935 [TEST_EXECUTION_THREAD_0] WARN  OutputCoverageGoal - Class org.evosuite.assertion.Inspector can not access a member of class GenQueue with modifiers "public"
java.lang.IllegalAccessException: Class org.evosuite.assertion.Inspector can not access a member of class GenQueue with modifiers "public"
	at sun.reflect.Reflection.ensureMemberAccess(Reflection.java:102) ~[na:1.8.0_121]
	at java.lang.reflect.AccessibleObject.slowCheckMemberAccess(AccessibleObject.java:296) ~[na:1.8.0_121]
	at java.lang.reflect.AccessibleObject.checkAccess(AccessibleObject.java:288) ~[na:1.8.0_121]
	at java.lang.reflect.Method.invoke(Method.java:491) ~[na:1.8.0_121]
	at org.evosuite.assertion.Inspector.getValue(Inspector.java:86) ~[evosuite-1.0.3.jar:1.0.3]
	at org.evosuite.coverage.io.output.OutputCoverageGoal.createGoalsFromObject(OutputCoverageGoal.java:258) ~[evosuite-1.0.3.jar:1.0.3]
	at org.evosuite.coverage.io.output.OutputObserver.afterStatement(OutputObserver.java:79) [evosuite-1.0.3.jar:1.0.3]
	at org.evosuite.testcase.execution.TestRunnable.informObservers_after(TestRunnable.java:163) [evosuite-1.0.3.jar:1.0.3]
	at org.evosuite.testcase.execution.TestRunnable.executeStatements(TestRunnable.java:361) [evosuite-1.0.3.jar:1.0.3]
	at org.evosuite.testcase.execution.TestRunnable.call(TestRunnable.java:212) [evosuite-1.0.3.jar:1.0.3]
	at org.evosuite.testcase.execution.TestRunnable.call(TestRunnable.java:55) [evosuite-1.0.3.jar:1.0.3]
	at java.util.concurrent.FutureTask.run(FutureTask.java:266) [na:1.8.0_121]
	at java.util.concurrent.ThreadPoolExecutor.runWorker(ThreadPoolExecutor.java:1142) [na:1.8.0_121]
	at java.util.concurrent.ThreadPoolExecutor$Worker.run(ThreadPoolExecutor.java:617) [na:1.8.0_121]
	at java.lang.Thread.run(Thread.java:745) [na:1.8.0_121]
[MASTER] 22:00:56.287 [TEST_EXECUTION_THREAD_0] WARN  OutputCoverageGoal - Class org.evosuite.assertion.Inspector can not access a member of class GenQueue with modifiers "public"
java.lang.IllegalAccessException: Class org.evosuite.assertion.Inspector can not access a member of class GenQueue with modifiers "public"
	at sun.reflect.Reflection.ensureMemberAccess(Reflection.java:102) ~[na:1.8.0_121]
	at java.lang.reflect.AccessibleObject.slowCheckMemberAccess(AccessibleObject.java:296) ~[na:1.8.0_121]
	at java.lang.reflect.AccessibleObject.checkAccess(AccessibleObject.java:288) ~[na:1.8.0_121]
	at java.lang.reflect.Method.invoke(Method.java:491) ~[na:1.8.0_121]
	at org.evosuite.assertion.Inspector.getValue(Inspector.java:86) ~[evosuite-1.0.3.jar:1.0.3]
	at org.evosuite.coverage.io.output.OutputCoverageGoal.createGoalsFromObject(OutputCoverageGoal.java:258) ~[evosuite-1.0.3.jar:1.0.3]
	at org.evosuite.coverage.io.output.OutputObserver.afterStatement(OutputObserver.java:79) [evosuite-1.0.3.jar:1.0.3]
	at org.evosuite.testcase.execution.TestRunnable.informObservers_after(TestRunnable.java:163) [evosuite-1.0.3.jar:1.0.3]
	at org.evosuite.testcase.execution.TestRunnable.executeStatements(TestRunnable.java:361) [evosuite-1.0.3.jar:1.0.3]
	at org.evosuite.testcase.execution.TestRunnable.call(TestRunnable.java:212) [evosuite-1.0.3.jar:1.0.3]
	at org.evosuite.testcase.execution.TestRunnable.call(TestRunnable.java:55) [evosuite-1.0.3.jar:1.0.3]
	at java.util.concurrent.FutureTask.run(FutureTask.java:266) [na:1.8.0_121]
	at java.util.concurrent.ThreadPoolExecutor.runWorker(ThreadPoolExecutor.java:1142) [na:1.8.0_121]
	at java.util.concurrent.ThreadPoolExecutor$Worker.run(ThreadPoolExecutor.java:617) [na:1.8.0_121]
	at java.lang.Thread.run(Thread.java:745) [na:1.8.0_121]
[MASTER] 22:00:56.289 [TEST_EXECUTION_THREAD_0] WARN  OutputCoverageGoal - Class org.evosuite.assertion.Inspector can not access a member of class GenQueue with modifiers "public"
java.lang.IllegalAccessException: Class org.evosuite.assertion.Inspector can not access a member of class GenQueue with modifiers "public"
	at sun.reflect.Reflection.ensureMemberAccess(Reflection.java:102) ~[na:1.8.0_121]
	at java.lang.reflect.AccessibleObject.slowCheckMemberAccess(AccessibleObject.java:296) ~[na:1.8.0_121]
	at java.lang.reflect.AccessibleObject.checkAccess(AccessibleObject.java:288) ~[na:1.8.0_121]
	at java.lang.reflect.Method.invoke(Method.java:491) ~[na:1.8.0_121]
	at org.evosuite.assertion.Inspector.getValue(Inspector.java:86) ~[evosuite-1.0.3.jar:1.0.3]
	at org.evosuite.coverage.io.output.OutputCoverageGoal.createGoalsFromObject(OutputCoverageGoal.java:258) ~[evosuite-1.0.3.jar:1.0.3]
	at org.evosuite.coverage.io.output.OutputObserver.afterStatement(OutputObserver.java:79) [evosuite-1.0.3.jar:1.0.3]
	at org.evosuite.testcase.execution.TestRunnable.informObservers_after(TestRunnable.java:163) [evosuite-1.0.3.jar:1.0.3]
	at org.evosuite.testcase.execution.TestRunnable.executeStatements(TestRunnable.java:361) [evosuite-1.0.3.jar:1.0.3]
	at org.evosuite.testcase.execution.TestRunnable.call(TestRunnable.java:212) [evosuite-1.0.3.jar:1.0.3]
	at org.evosuite.testcase.execution.TestRunnable.call(TestRunnable.java:55) [evosuite-1.0.3.jar:1.0.3]
	at java.util.concurrent.FutureTask.run(FutureTask.java:266) [na:1.8.0_121]
	at java.util.concurrent.ThreadPoolExecutor.runWorker(ThreadPoolExecutor.java:1142) [na:1.8.0_121]
	at java.util.concurrent.ThreadPoolExecutor$Worker.run(ThreadPoolExecutor.java:617) [na:1.8.0_121]
	at java.lang.Thread.run(Thread.java:745) [na:1.8.0_121]
[MASTER] 22:00:56.292 [TEST_EXECUTION_THREAD_0] WARN  OutputCoverageGoal - Class org.evosuite.assertion.Inspector can not access a member of class GenQueue with modifiers "public"
java.lang.IllegalAccessException: Class org.evosuite.assertion.Inspector can not access a member of class GenQueue with modifiers "public"
	at sun.reflect.Reflection.ensureMemberAccess(Reflection.java:102) ~[na:1.8.0_121]
	at java.lang.reflect.AccessibleObject.slowCheckMemberAccess(AccessibleObject.java:296) ~[na:1.8.0_121]
	at java.lang.reflect.AccessibleObject.checkAccess(AccessibleObject.java:288) ~[na:1.8.0_121]
	at java.lang.reflect.Method.invoke(Method.java:491) ~[na:1.8.0_121]
	at org.evosuite.assertion.Inspector.getValue(Inspector.java:86) ~[evosuite-1.0.3.jar:1.0.3]
	at org.evosuite.coverage.io.output.OutputCoverageGoal.createGoalsFromObject(OutputCoverageGoal.java:258) ~[evosuite-1.0.3.jar:1.0.3]
	at org.evosuite.coverage.io.output.OutputObserver.afterStatement(OutputObserver.java:79) [evosuite-1.0.3.jar:1.0.3]
	at org.evosuite.testcase.execution.TestRunnable.informObservers_after(TestRunnable.java:163) [evosuite-1.0.3.jar:1.0.3]
	at org.evosuite.testcase.execution.TestRunnable.executeStatements(TestRunnable.java:361) [evosuite-1.0.3.jar:1.0.3]
	at org.evosuite.testcase.execution.TestRunnable.call(TestRunnable.java:212) [evosuite-1.0.3.jar:1.0.3]
	at org.evosuite.testcase.execution.TestRunnable.call(TestRunnable.java:55) [evosuite-1.0.3.jar:1.0.3]
	at java.util.concurrent.FutureTask.run(FutureTask.java:266) [na:1.8.0_121]
	at java.util.concurrent.ThreadPoolExecutor.runWorker(ThreadPoolExecutor.java:1142) [na:1.8.0_121]
	at java.util.concurrent.ThreadPoolExecutor$Worker.run(ThreadPoolExecutor.java:617) [na:1.8.0_121]
	at java.lang.Thread.run(Thread.java:745) [na:1.8.0_121]
[MASTER] 22:00:56.294 [TEST_EXECUTION_THREAD_0] WARN  OutputCoverageGoal - Class org.evosuite.assertion.Inspector can not access a member of class GenQueue with modifiers "public"
java.lang.IllegalAccessException: Class org.evosuite.assertion.Inspector can not access a member of class GenQueue with modifiers "public"
	at sun.reflect.Reflection.ensureMemberAccess(Reflection.java:102) ~[na:1.8.0_121]
	at java.lang.reflect.AccessibleObject.slowCheckMemberAccess(AccessibleObject.java:296) ~[na:1.8.0_121]
	at java.lang.reflect.AccessibleObject.checkAccess(AccessibleObject.java:288) ~[na:1.8.0_121]
	at java.lang.reflect.Method.invoke(Method.java:491) ~[na:1.8.0_121]
	at org.evosuite.assertion.Inspector.getValue(Inspector.java:86) ~[evosuite-1.0.3.jar:1.0.3]
	at org.evosuite.coverage.io.output.OutputCoverageGoal.createGoalsFromObject(OutputCoverageGoal.java:258) ~[evosuite-1.0.3.jar:1.0.3]
	at org.evosuite.coverage.io.output.OutputObserver.afterStatement(OutputObserver.java:79) [evosuite-1.0.3.jar:1.0.3]
	at org.evosuite.testcase.execution.TestRunnable.informObservers_after(TestRunnable.java:163) [evosuite-1.0.3.jar:1.0.3]
	at org.evosuite.testcase.execution.TestRunnable.executeStatements(TestRunnable.java:361) [evosuite-1.0.3.jar:1.0.3]
	at org.evosuite.testcase.execution.TestRunnable.call(TestRunnable.java:212) [evosuite-1.0.3.jar:1.0.3]
	at org.evosuite.testcase.execution.TestRunnable.call(TestRunnable.java:55) [evosuite-1.0.3.jar:1.0.3]
	at java.util.concurrent.FutureTask.run(FutureTask.java:266) [na:1.8.0_121]
	at java.util.concurrent.ThreadPoolExecutor.runWorker(ThreadPoolExecutor.java:1142) [na:1.8.0_121]
	at java.util.concurrent.ThreadPoolExecutor$Worker.run(ThreadPoolExecutor.java:617) [na:1.8.0_121]
	at java.lang.Thread.run(Thread.java:745) [na:1.8.0_121]
[MASTER] 22:00:56.296 [TEST_EXECUTION_THREAD_0] WARN  OutputCoverageGoal - Class org.evosuite.assertion.Inspector can not access a member of class GenQueue with modifiers "public"
java.lang.IllegalAccessException: Class org.evosuite.assertion.Inspector can not access a member of class GenQueue with modifiers "public"
	at sun.reflect.Reflection.ensureMemberAccess(Reflection.java:102) ~[na:1.8.0_121]
	at java.lang.reflect.AccessibleObject.slowCheckMemberAccess(AccessibleObject.java:296) ~[na:1.8.0_121]
	at java.lang.reflect.AccessibleObject.checkAccess(AccessibleObject.java:288) ~[na:1.8.0_121]
	at java.lang.reflect.Method.invoke(Method.java:491) ~[na:1.8.0_121]
	at org.evosuite.assertion.Inspector.getValue(Inspector.java:86) ~[evosuite-1.0.3.jar:1.0.3]
	at org.evosuite.coverage.io.output.OutputCoverageGoal.createGoalsFromObject(OutputCoverageGoal.java:258) ~[evosuite-1.0.3.jar:1.0.3]
	at org.evosuite.coverage.io.output.OutputObserver.afterStatement(OutputObserver.java:79) [evosuite-1.0.3.jar:1.0.3]
	at org.evosuite.testcase.execution.TestRunnable.informObservers_after(TestRunnable.java:163) [evosuite-1.0.3.jar:1.0.3]
	at org.evosuite.testcase.execution.TestRunnable.executeStatements(TestRunnable.java:361) [evosuite-1.0.3.jar:1.0.3]
	at org.evosuite.testcase.execution.TestRunnable.call(TestRunnable.java:212) [evosuite-1.0.3.jar:1.0.3]
	at org.evosuite.testcase.execution.TestRunnable.call(TestRunnable.java:55) [evosuite-1.0.3.jar:1.0.3]
	at java.util.concurrent.FutureTask.run(FutureTask.java:266) [na:1.8.0_121]
	at java.util.concurrent.ThreadPoolExecutor.runWorker(ThreadPoolExecutor.java:1142) [na:1.8.0_121]
	at java.util.concurrent.ThreadPoolExecutor$Worker.run(ThreadPoolExecutor.java:617) [na:1.8.0_121]
	at java.lang.Thread.run(Thread.java:745) [na:1.8.0_121]
[MASTER] 22:00:56.298 [TEST_EXECUTION_THREAD_0] WARN  OutputCoverageGoal - Class org.evosuite.assertion.Inspector can not access a member of class GenQueue with modifiers "public"
java.lang.IllegalAccessException: Class org.evosuite.assertion.Inspector can not access a member of class GenQueue with modifiers "public"
	at sun.reflect.Reflection.ensureMemberAccess(Reflection.java:102) ~[na:1.8.0_121]
	at java.lang.reflect.AccessibleObject.slowCheckMemberAccess(AccessibleObject.java:296) ~[na:1.8.0_121]
	at java.lang.reflect.AccessibleObject.checkAccess(AccessibleObject.java:288) ~[na:1.8.0_121]
	at java.lang.reflect.Method.invoke(Method.java:491) ~[na:1.8.0_121]
	at org.evosuite.assertion.Inspector.getValue(Inspector.java:86) ~[evosuite-1.0.3.jar:1.0.3]
	at org.evosuite.coverage.io.output.OutputCoverageGoal.createGoalsFromObject(OutputCoverageGoal.java:258) ~[evosuite-1.0.3.jar:1.0.3]
	at org.evosuite.coverage.io.output.OutputObserver.afterStatement(OutputObserver.java:79) [evosuite-1.0.3.jar:1.0.3]
	at org.evosuite.testcase.execution.TestRunnable.informObservers_after(TestRunnable.java:163) [evosuite-1.0.3.jar:1.0.3]
	at org.evosuite.testcase.execution.TestRunnable.executeStatements(TestRunnable.java:361) [evosuite-1.0.3.jar:1.0.3]
	at org.evosuite.testcase.execution.TestRunnable.call(TestRunnable.java:212) [evosuite-1.0.3.jar:1.0.3]
	at org.evosuite.testcase.execution.TestRunnable.call(TestRunnable.java:55) [evosuite-1.0.3.jar:1.0.3]
	at java.util.concurrent.FutureTask.run(FutureTask.java:266) [na:1.8.0_121]
	at java.util.concurrent.ThreadPoolExecutor.runWorker(ThreadPoolExecutor.java:1142) [na:1.8.0_121]
	at java.util.concurrent.ThreadPoolExecutor$Worker.run(ThreadPoolExecutor.java:617) [na:1.8.0_121]
	at java.lang.Thread.run(Thread.java:745) [na:1.8.0_121]
[MASTER] 22:00:56.300 [TEST_EXECUTION_THREAD_0] WARN  OutputCoverageGoal - Class org.evosuite.assertion.Inspector can not access a member of class GenQueue with modifiers "public"
java.lang.IllegalAccessException: Class org.evosuite.assertion.Inspector can not access a member of class GenQueue with modifiers "public"
	at sun.reflect.Reflection.ensureMemberAccess(Reflection.java:102) ~[na:1.8.0_121]
	at java.lang.reflect.AccessibleObject.slowCheckMemberAccess(AccessibleObject.java:296) ~[na:1.8.0_121]
	at java.lang.reflect.AccessibleObject.checkAccess(AccessibleObject.java:288) ~[na:1.8.0_121]
	at java.lang.reflect.Method.invoke(Method.java:491) ~[na:1.8.0_121]
	at org.evosuite.assertion.Inspector.getValue(Inspector.java:86) ~[evosuite-1.0.3.jar:1.0.3]
	at org.evosuite.coverage.io.output.OutputCoverageGoal.createGoalsFromObject(OutputCoverageGoal.java:258) ~[evosuite-1.0.3.jar:1.0.3]
	at org.evosuite.coverage.io.output.OutputObserver.afterStatement(OutputObserver.java:79) [evosuite-1.0.3.jar:1.0.3]
	at org.evosuite.testcase.execution.TestRunnable.informObservers_after(TestRunnable.java:163) [evosuite-1.0.3.jar:1.0.3]
	at org.evosuite.testcase.execution.TestRunnable.executeStatements(TestRunnable.java:361) [evosuite-1.0.3.jar:1.0.3]
	at org.evosuite.testcase.execution.TestRunnable.call(TestRunnable.java:212) [evosuite-1.0.3.jar:1.0.3]
	at org.evosuite.testcase.execution.TestRunnable.call(TestRunnable.java:55) [evosuite-1.0.3.jar:1.0.3]
	at java.util.concurrent.FutureTask.run(FutureTask.java:266) [na:1.8.0_121]
	at java.util.concurrent.ThreadPoolExecutor.runWorker(ThreadPoolExecutor.java:1142) [na:1.8.0_121]
	at java.util.concurrent.ThreadPoolExecutor$Worker.run(ThreadPoolExecutor.java:617) [na:1.8.0_121]
	at java.lang.Thread.run(Thread.java:745) [na:1.8.0_121]
[MASTER] 22:00:56.303 [TEST_EXECUTION_THREAD_0] WARN  OutputCoverageGoal - Class org.evosuite.assertion.Inspector can not access a member of class GenQueue with modifiers "public"
java.lang.IllegalAccessException: Class org.evosuite.assertion.Inspector can not access a member of class GenQueue with modifiers "public"
	at sun.reflect.Reflection.ensureMemberAccess(Reflection.java:102) ~[na:1.8.0_121]
	at java.lang.reflect.AccessibleObject.slowCheckMemberAccess(AccessibleObject.java:296) ~[na:1.8.0_121]
	at java.lang.reflect.AccessibleObject.checkAccess(AccessibleObject.java:288) ~[na:1.8.0_121]
	at java.lang.reflect.Method.invoke(Method.java:491) ~[na:1.8.0_121]
	at org.evosuite.assertion.Inspector.getValue(Inspector.java:86) ~[evosuite-1.0.3.jar:1.0.3]
	at org.evosuite.coverage.io.output.OutputCoverageGoal.createGoalsFromObject(OutputCoverageGoal.java:258) ~[evosuite-1.0.3.jar:1.0.3]
	at org.evosuite.coverage.io.output.OutputObserver.afterStatement(OutputObserver.java:79) [evosuite-1.0.3.jar:1.0.3]
	at org.evosuite.testcase.execution.TestRunnable.informObservers_after(TestRunnable.java:163) [evosuite-1.0.3.jar:1.0.3]
	at org.evosuite.testcase.execution.TestRunnable.executeStatements(TestRunnable.java:361) [evosuite-1.0.3.jar:1.0.3]
	at org.evosuite.testcase.execution.TestRunnable.call(TestRunnable.java:212) [evosuite-1.0.3.jar:1.0.3]
	at org.evosuite.testcase.execution.TestRunnable.call(TestRunnable.java:55) [evosuite-1.0.3.jar:1.0.3]
	at java.util.concurrent.FutureTask.run(FutureTask.java:266) [na:1.8.0_121]
	at java.util.concurrent.ThreadPoolExecutor.runWorker(ThreadPoolExecutor.java:1142) [na:1.8.0_121]
	at java.util.concurrent.ThreadPoolExecutor$Worker.run(ThreadPoolExecutor.java:617) [na:1.8.0_121]
	at java.lang.Thread.run(Thread.java:745) [na:1.8.0_121]
[MASTER] 22:00:56.305 [TEST_EXECUTION_THREAD_0] WARN  OutputCoverageGoal - Class org.evosuite.assertion.Inspector can not access a member of class GenQueue with modifiers "public"
java.lang.IllegalAccessException: Class org.evosuite.assertion.Inspector can not access a member of class GenQueue with modifiers "public"
	at sun.reflect.Reflection.ensureMemberAccess(Reflection.java:102) ~[na:1.8.0_121]
	at java.lang.reflect.AccessibleObject.slowCheckMemberAccess(AccessibleObject.java:296) ~[na:1.8.0_121]
	at java.lang.reflect.AccessibleObject.checkAccess(AccessibleObject.java:288) ~[na:1.8.0_121]
	at java.lang.reflect.Method.invoke(Method.java:491) ~[na:1.8.0_121]
	at org.evosuite.assertion.Inspector.getValue(Inspector.java:86) ~[evosuite-1.0.3.jar:1.0.3]
	at org.evosuite.coverage.io.output.OutputCoverageGoal.createGoalsFromObject(OutputCoverageGoal.java:258) ~[evosuite-1.0.3.jar:1.0.3]
	at org.evosuite.coverage.io.output.OutputObserver.afterStatement(OutputObserver.java:79) [evosuite-1.0.3.jar:1.0.3]
	at org.evosuite.testcase.execution.TestRunnable.informObservers_after(TestRunnable.java:163) [evosuite-1.0.3.jar:1.0.3]
	at org.evosuite.testcase.execution.TestRunnable.executeStatements(TestRunnable.java:361) [evosuite-1.0.3.jar:1.0.3]
	at org.evosuite.testcase.execution.TestRunnable.call(TestRunnable.java:212) [evosuite-1.0.3.jar:1.0.3]
	at org.evosuite.testcase.execution.TestRunnable.call(TestRunnable.java:55) [evosuite-1.0.3.jar:1.0.3]
	at java.util.concurrent.FutureTask.run(FutureTask.java:266) [na:1.8.0_121]
	at java.util.concurrent.ThreadPoolExecutor.runWorker(ThreadPoolExecutor.java:1142) [na:1.8.0_121]
	at java.util.concurrent.ThreadPoolExecutor$Worker.run(ThreadPoolExecutor.java:617) [na:1.8.0_121]
	at java.lang.Thread.run(Thread.java:745) [na:1.8.0_121]
[MASTER] 22:00:56.307 [TEST_EXECUTION_THREAD_0] WARN  OutputCoverageGoal - Class org.evosuite.assertion.Inspector can not access a member of class GenQueue with modifiers "public"
java.lang.IllegalAccessException: Class org.evosuite.assertion.Inspector can not access a member of class GenQueue with modifiers "public"
	at sun.reflect.Reflection.ensureMemberAccess(Reflection.java:102) ~[na:1.8.0_121]
	at java.lang.reflect.AccessibleObject.slowCheckMemberAccess(AccessibleObject.java:296) ~[na:1.8.0_121]
	at java.lang.reflect.AccessibleObject.checkAccess(AccessibleObject.java:288) ~[na:1.8.0_121]
	at java.lang.reflect.Method.invoke(Method.java:491) ~[na:1.8.0_121]
	at org.evosuite.assertion.Inspector.getValue(Inspector.java:86) ~[evosuite-1.0.3.jar:1.0.3]
	at org.evosuite.coverage.io.output.OutputCoverageGoal.createGoalsFromObject(OutputCoverageGoal.java:258) ~[evosuite-1.0.3.jar:1.0.3]
	at org.evosuite.coverage.io.output.OutputObserver.afterStatement(OutputObserver.java:79) [evosuite-1.0.3.jar:1.0.3]
	at org.evosuite.testcase.execution.TestRunnable.informObservers_after(TestRunnable.java:163) [evosuite-1.0.3.jar:1.0.3]
	at org.evosuite.testcase.execution.TestRunnable.executeStatements(TestRunnable.java:361) [evosuite-1.0.3.jar:1.0.3]
	at org.evosuite.testcase.execution.TestRunnable.call(TestRunnable.java:212) [evosuite-1.0.3.jar:1.0.3]
	at org.evosuite.testcase.execution.TestRunnable.call(TestRunnable.java:55) [evosuite-1.0.3.jar:1.0.3]
	at java.util.concurrent.FutureTask.run(FutureTask.java:266) [na:1.8.0_121]
	at java.util.concurrent.ThreadPoolExecutor.runWorker(ThreadPoolExecutor.java:1142) [na:1.8.0_121]
	at java.util.concurrent.ThreadPoolExecutor$Worker.run(ThreadPoolExecutor.java:617) [na:1.8.0_121]
	at java.lang.Thread.run(Thread.java:745) [na:1.8.0_121]
[MASTER] 22:00:57.227 [TEST_EXECUTION_THREAD_0] WARN  OutputCoverageGoal - Class org.evosuite.assertion.Inspector can not access a member of class GenQueue with modifiers "public"
java.lang.IllegalAccessException: Class org.evosuite.assertion.Inspector can not access a member of class GenQueue with modifiers "public"
	at sun.reflect.Reflection.ensureMemberAccess(Reflection.java:102) ~[na:1.8.0_121]
	at java.lang.reflect.AccessibleObject.slowCheckMemberAccess(AccessibleObject.java:296) ~[na:1.8.0_121]
	at java.lang.reflect.AccessibleObject.checkAccess(AccessibleObject.java:288) ~[na:1.8.0_121]
	at java.lang.reflect.Method.invoke(Method.java:491) ~[na:1.8.0_121]
	at org.evosuite.assertion.Inspector.getValue(Inspector.java:86) ~[evosuite-1.0.3.jar:1.0.3]
	at org.evosuite.coverage.io.output.OutputCoverageGoal.createGoalsFromObject(OutputCoverageGoal.java:258) ~[evosuite-1.0.3.jar:1.0.3]
	at org.evosuite.coverage.io.output.OutputObserver.afterStatement(OutputObserver.java:79) [evosuite-1.0.3.jar:1.0.3]
	at org.evosuite.testcase.execution.TestRunnable.informObservers_after(TestRunnable.java:163) [evosuite-1.0.3.jar:1.0.3]
	at org.evosuite.testcase.execution.TestRunnable.executeStatements(TestRunnable.java:361) [evosuite-1.0.3.jar:1.0.3]
	at org.evosuite.testcase.execution.TestRunnable.call(TestRunnable.java:212) [evosuite-1.0.3.jar:1.0.3]
	at org.evosuite.testcase.execution.TestRunnable.call(TestRunnable.java:55) [evosuite-1.0.3.jar:1.0.3]
	at java.util.concurrent.FutureTask.run(FutureTask.java:266) [na:1.8.0_121]
	at java.util.concurrent.ThreadPoolExecutor.runWorker(ThreadPoolExecutor.java:1142) [na:1.8.0_121]
	at java.util.concurrent.ThreadPoolExecutor$Worker.run(ThreadPoolExecutor.java:617) [na:1.8.0_121]
	at java.lang.Thread.run(Thread.java:745) [na:1.8.0_121]
[MASTER] 22:00:57.230 [TEST_EXECUTION_THREAD_0] WARN  OutputCoverageGoal - Class org.evosuite.assertion.Inspector can not access a member of class GenQueue with modifiers "public"
java.lang.IllegalAccessException: Class org.evosuite.assertion.Inspector can not access a member of class GenQueue with modifiers "public"
	at sun.reflect.Reflection.ensureMemberAccess(Reflection.java:102) ~[na:1.8.0_121]
	at java.lang.reflect.AccessibleObject.slowCheckMemberAccess(AccessibleObject.java:296) ~[na:1.8.0_121]
	at java.lang.reflect.AccessibleObject.checkAccess(AccessibleObject.java:288) ~[na:1.8.0_121]
	at java.lang.reflect.Method.invoke(Method.java:491) ~[na:1.8.0_121]
	at org.evosuite.assertion.Inspector.getValue(Inspector.java:86) ~[evosuite-1.0.3.jar:1.0.3]
	at org.evosuite.coverage.io.output.OutputCoverageGoal.createGoalsFromObject(OutputCoverageGoal.java:258) ~[evosuite-1.0.3.jar:1.0.3]
	at org.evosuite.coverage.io.output.OutputObserver.afterStatement(OutputObserver.java:79) [evosuite-1.0.3.jar:1.0.3]
	at org.evosuite.testcase.execution.TestRunnable.informObservers_after(TestRunnable.java:163) [evosuite-1.0.3.jar:1.0.3]
	at org.evosuite.testcase.execution.TestRunnable.executeStatements(TestRunnable.java:361) [evosuite-1.0.3.jar:1.0.3]
	at org.evosuite.testcase.execution.TestRunnable.call(TestRunnable.java:212) [evosuite-1.0.3.jar:1.0.3]
	at org.evosuite.testcase.execution.TestRunnable.call(TestRunnable.java:55) [evosuite-1.0.3.jar:1.0.3]
	at java.util.concurrent.FutureTask.run(FutureTask.java:266) [na:1.8.0_121]
	at java.util.concurrent.ThreadPoolExecutor.runWorker(ThreadPoolExecutor.java:1142) [na:1.8.0_121]
	at java.util.concurrent.ThreadPoolExecutor$Worker.run(ThreadPoolExecutor.java:617) [na:1.8.0_121]
	at java.lang.Thread.run(Thread.java:745) [na:1.8.0_121]
[MASTER] 22:00:57.232 [TEST_EXECUTION_THREAD_0] WARN  OutputCoverageGoal - Class org.evosuite.assertion.Inspector can not access a member of class GenQueue with modifiers "public"
java.lang.IllegalAccessException: Class org.evosuite.assertion.Inspector can not access a member of class GenQueue with modifiers "public"
	at sun.reflect.Reflection.ensureMemberAccess(Reflection.java:102) ~[na:1.8.0_121]
	at java.lang.reflect.AccessibleObject.slowCheckMemberAccess(AccessibleObject.java:296) ~[na:1.8.0_121]
	at java.lang.reflect.AccessibleObject.checkAccess(AccessibleObject.java:288) ~[na:1.8.0_121]
	at java.lang.reflect.Method.invoke(Method.java:491) ~[na:1.8.0_121]
	at org.evosuite.assertion.Inspector.getValue(Inspector.java:86) ~[evosuite-1.0.3.jar:1.0.3]
	at org.evosuite.coverage.io.output.OutputCoverageGoal.createGoalsFromObject(OutputCoverageGoal.java:258) ~[evosuite-1.0.3.jar:1.0.3]
	at org.evosuite.coverage.io.output.OutputObserver.afterStatement(OutputObserver.java:79) [evosuite-1.0.3.jar:1.0.3]
	at org.evosuite.testcase.execution.TestRunnable.informObservers_after(TestRunnable.java:163) [evosuite-1.0.3.jar:1.0.3]
	at org.evosuite.testcase.execution.TestRunnable.executeStatements(TestRunnable.java:361) [evosuite-1.0.3.jar:1.0.3]
	at org.evosuite.testcase.execution.TestRunnable.call(TestRunnable.java:212) [evosuite-1.0.3.jar:1.0.3]
	at org.evosuite.testcase.execution.TestRunnable.call(TestRunnable.java:55) [evosuite-1.0.3.jar:1.0.3]
	at java.util.concurrent.FutureTask.run(FutureTask.java:266) [na:1.8.0_121]
	at java.util.concurrent.ThreadPoolExecutor.runWorker(ThreadPoolExecutor.java:1142) [na:1.8.0_121]
	at java.util.concurrent.ThreadPoolExecutor$Worker.run(ThreadPoolExecutor.java:617) [na:1.8.0_121]
	at java.lang.Thread.run(Thread.java:745) [na:1.8.0_121]
[MASTER] 22:00:57.233 [TEST_EXECUTION_THREAD_0] WARN  OutputCoverageGoal - Class org.evosuite.assertion.Inspector can not access a member of class GenQueue with modifiers "public"
java.lang.IllegalAccessException: Class org.evosuite.assertion.Inspector can not access a member of class GenQueue with modifiers "public"
	at sun.reflect.Reflection.ensureMemberAccess(Reflection.java:102) ~[na:1.8.0_121]
	at java.lang.reflect.AccessibleObject.slowCheckMemberAccess(AccessibleObject.java:296) ~[na:1.8.0_121]
	at java.lang.reflect.AccessibleObject.checkAccess(AccessibleObject.java:288) ~[na:1.8.0_121]
	at java.lang.reflect.Method.invoke(Method.java:491) ~[na:1.8.0_121]
	at org.evosuite.assertion.Inspector.getValue(Inspector.java:86) ~[evosuite-1.0.3.jar:1.0.3]
	at org.evosuite.coverage.io.output.OutputCoverageGoal.createGoalsFromObject(OutputCoverageGoal.java:258) ~[evosuite-1.0.3.jar:1.0.3]
	at org.evosuite.coverage.io.output.OutputObserver.afterStatement(OutputObserver.java:79) [evosuite-1.0.3.jar:1.0.3]
	at org.evosuite.testcase.execution.TestRunnable.informObservers_after(TestRunnable.java:163) [evosuite-1.0.3.jar:1.0.3]
	at org.evosuite.testcase.execution.TestRunnable.executeStatements(TestRunnable.java:361) [evosuite-1.0.3.jar:1.0.3]
	at org.evosuite.testcase.execution.TestRunnable.call(TestRunnable.java:212) [evosuite-1.0.3.jar:1.0.3]
	at org.evosuite.testcase.execution.TestRunnable.call(TestRunnable.java:55) [evosuite-1.0.3.jar:1.0.3]
	at java.util.concurrent.FutureTask.run(FutureTask.java:266) [na:1.8.0_121]
	at java.util.concurrent.ThreadPoolExecutor.runWorker(ThreadPoolExecutor.java:1142) [na:1.8.0_121]
	at java.util.concurrent.ThreadPoolExecutor$Worker.run(ThreadPoolExecutor.java:617) [na:1.8.0_121]
	at java.lang.Thread.run(Thread.java:745) [na:1.8.0_121]
[MASTER] 22:00:57.235 [TEST_EXECUTION_THREAD_0] WARN  OutputCoverageGoal - Class org.evosuite.assertion.Inspector can not access a member of class GenQueue with modifiers "public"
java.lang.IllegalAccessException: Class org.evosuite.assertion.Inspector can not access a member of class GenQueue with modifiers "public"
	at sun.reflect.Reflection.ensureMemberAccess(Reflection.java:102) ~[na:1.8.0_121]
	at java.lang.reflect.AccessibleObject.slowCheckMemberAccess(AccessibleObject.java:296) ~[na:1.8.0_121]
	at java.lang.reflect.AccessibleObject.checkAccess(AccessibleObject.java:288) ~[na:1.8.0_121]
	at java.lang.reflect.Method.invoke(Method.java:491) ~[na:1.8.0_121]
	at org.evosuite.assertion.Inspector.getValue(Inspector.java:86) ~[evosuite-1.0.3.jar:1.0.3]
	at org.evosuite.coverage.io.output.OutputCoverageGoal.createGoalsFromObject(OutputCoverageGoal.java:258) ~[evosuite-1.0.3.jar:1.0.3]
	at org.evosuite.coverage.io.output.OutputObserver.afterStatement(OutputObserver.java:79) [evosuite-1.0.3.jar:1.0.3]
	at org.evosuite.testcase.execution.TestRunnable.informObservers_after(TestRunnable.java:163) [evosuite-1.0.3.jar:1.0.3]
	at org.evosuite.testcase.execution.TestRunnable.executeStatements(TestRunnable.java:361) [evosuite-1.0.3.jar:1.0.3]
	at org.evosuite.testcase.execution.TestRunnable.call(TestRunnable.java:212) [evosuite-1.0.3.jar:1.0.3]
	at org.evosuite.testcase.execution.TestRunnable.call(TestRunnable.java:55) [evosuite-1.0.3.jar:1.0.3]
	at java.util.concurrent.FutureTask.run(FutureTask.java:266) [na:1.8.0_121]
	at java.util.concurrent.ThreadPoolExecutor.runWorker(ThreadPoolExecutor.java:1142) [na:1.8.0_121]
	at java.util.concurrent.ThreadPoolExecutor$Worker.run(ThreadPoolExecutor.java:617) [na:1.8.0_121]
	at java.lang.Thread.run(Thread.java:745) [na:1.8.0_121]
[MASTER] 22:00:57.237 [TEST_EXECUTION_THREAD_0] WARN  OutputCoverageGoal - Class org.evosuite.assertion.Inspector can not access a member of class GenQueue with modifiers "public"
java.lang.IllegalAccessException: Class org.evosuite.assertion.Inspector can not access a member of class GenQueue with modifiers "public"
	at sun.reflect.Reflection.ensureMemberAccess(Reflection.java:102) ~[na:1.8.0_121]
	at java.lang.reflect.AccessibleObject.slowCheckMemberAccess(AccessibleObject.java:296) ~[na:1.8.0_121]
	at java.lang.reflect.AccessibleObject.checkAccess(AccessibleObject.java:288) ~[na:1.8.0_121]
	at java.lang.reflect.Method.invoke(Method.java:491) ~[na:1.8.0_121]
	at org.evosuite.assertion.Inspector.getValue(Inspector.java:86) ~[evosuite-1.0.3.jar:1.0.3]
	at org.evosuite.coverage.io.output.OutputCoverageGoal.createGoalsFromObject(OutputCoverageGoal.java:258) ~[evosuite-1.0.3.jar:1.0.3]
	at org.evosuite.coverage.io.output.OutputObserver.afterStatement(OutputObserver.java:79) [evosuite-1.0.3.jar:1.0.3]
	at org.evosuite.testcase.execution.TestRunnable.informObservers_after(TestRunnable.java:163) [evosuite-1.0.3.jar:1.0.3]
	at org.evosuite.testcase.execution.TestRunnable.executeStatements(TestRunnable.java:361) [evosuite-1.0.3.jar:1.0.3]
	at org.evosuite.testcase.execution.TestRunnable.call(TestRunnable.java:212) [evosuite-1.0.3.jar:1.0.3]
	at org.evosuite.testcase.execution.TestRunnable.call(TestRunnable.java:55) [evosuite-1.0.3.jar:1.0.3]
	at java.util.concurrent.FutureTask.run(FutureTask.java:266) [na:1.8.0_121]
	at java.util.concurrent.ThreadPoolExecutor.runWorker(ThreadPoolExecutor.java:1142) [na:1.8.0_121]
	at java.util.concurrent.ThreadPoolExecutor$Worker.run(ThreadPoolExecutor.java:617) [na:1.8.0_121]
	at java.lang.Thread.run(Thread.java:745) [na:1.8.0_121]
[MASTER] 22:00:57.239 [TEST_EXECUTION_THREAD_0] WARN  OutputCoverageGoal - Class org.evosuite.assertion.Inspector can not access a member of class GenQueue with modifiers "public"
java.lang.IllegalAccessException: Class org.evosuite.assertion.Inspector can not access a member of class GenQueue with modifiers "public"
	at sun.reflect.Reflection.ensureMemberAccess(Reflection.java:102) ~[na:1.8.0_121]
	at java.lang.reflect.AccessibleObject.slowCheckMemberAccess(AccessibleObject.java:296) ~[na:1.8.0_121]
	at java.lang.reflect.AccessibleObject.checkAccess(AccessibleObject.java:288) ~[na:1.8.0_121]
	at java.lang.reflect.Method.invoke(Method.java:491) ~[na:1.8.0_121]
	at org.evosuite.assertion.Inspector.getValue(Inspector.java:86) ~[evosuite-1.0.3.jar:1.0.3]
	at org.evosuite.coverage.io.output.OutputCoverageGoal.createGoalsFromObject(OutputCoverageGoal.java:258) ~[evosuite-1.0.3.jar:1.0.3]
	at org.evosuite.coverage.io.output.OutputObserver.afterStatement(OutputObserver.java:79) [evosuite-1.0.3.jar:1.0.3]
	at org.evosuite.testcase.execution.TestRunnable.informObservers_after(TestRunnable.java:163) [evosuite-1.0.3.jar:1.0.3]
	at org.evosuite.testcase.execution.TestRunnable.executeStatements(TestRunnable.java:361) [evosuite-1.0.3.jar:1.0.3]
	at org.evosuite.testcase.execution.TestRunnable.call(TestRunnable.java:212) [evosuite-1.0.3.jar:1.0.3]
	at org.evosuite.testcase.execution.TestRunnable.call(TestRunnable.java:55) [evosuite-1.0.3.jar:1.0.3]
	at java.util.concurrent.FutureTask.run(FutureTask.java:266) [na:1.8.0_121]
	at java.util.concurrent.ThreadPoolExecutor.runWorker(ThreadPoolExecutor.java:1142) [na:1.8.0_121]
	at java.util.concurrent.ThreadPoolExecutor$Worker.run(ThreadPoolExecutor.java:617) [na:1.8.0_121]
	at java.lang.Thread.run(Thread.java:745) [na:1.8.0_121]
[MASTER] 22:00:57.240 [TEST_EXECUTION_THREAD_0] WARN  OutputCoverageGoal - Class org.evosuite.assertion.Inspector can not access a member of class GenQueue with modifiers "public"
java.lang.IllegalAccessException: Class org.evosuite.assertion.Inspector can not access a member of class GenQueue with modifiers "public"
	at sun.reflect.Reflection.ensureMemberAccess(Reflection.java:102) ~[na:1.8.0_121]
	at java.lang.reflect.AccessibleObject.slowCheckMemberAccess(AccessibleObject.java:296) ~[na:1.8.0_121]
	at java.lang.reflect.AccessibleObject.checkAccess(AccessibleObject.java:288) ~[na:1.8.0_121]
	at java.lang.reflect.Method.invoke(Method.java:491) ~[na:1.8.0_121]
	at org.evosuite.assertion.Inspector.getValue(Inspector.java:86) ~[evosuite-1.0.3.jar:1.0.3]
	at org.evosuite.coverage.io.output.OutputCoverageGoal.createGoalsFromObject(OutputCoverageGoal.java:258) ~[evosuite-1.0.3.jar:1.0.3]
	at org.evosuite.coverage.io.output.OutputObserver.afterStatement(OutputObserver.java:79) [evosuite-1.0.3.jar:1.0.3]
	at org.evosuite.testcase.execution.TestRunnable.informObservers_after(TestRunnable.java:163) [evosuite-1.0.3.jar:1.0.3]
	at org.evosuite.testcase.execution.TestRunnable.executeStatements(TestRunnable.java:361) [evosuite-1.0.3.jar:1.0.3]
	at org.evosuite.testcase.execution.TestRunnable.call(TestRunnable.java:212) [evosuite-1.0.3.jar:1.0.3]
	at org.evosuite.testcase.execution.TestRunnable.call(TestRunnable.java:55) [evosuite-1.0.3.jar:1.0.3]
	at java.util.concurrent.FutureTask.run(FutureTask.java:266) [na:1.8.0_121]
	at java.util.concurrent.ThreadPoolExecutor.runWorker(ThreadPoolExecutor.java:1142) [na:1.8.0_121]
	at java.util.concurrent.ThreadPoolExecutor$Worker.run(ThreadPoolExecutor.java:617) [na:1.8.0_121]
	at java.lang.Thread.run(Thread.java:745) [na:1.8.0_121]
[MASTER] 22:00:57.242 [TEST_EXECUTION_THREAD_0] WARN  OutputCoverageGoal - Class org.evosuite.assertion.Inspector can not access a member of class GenQueue with modifiers "public"
java.lang.IllegalAccessException: Class org.evosuite.assertion.Inspector can not access a member of class GenQueue with modifiers "public"
	at sun.reflect.Reflection.ensureMemberAccess(Reflection.java:102) ~[na:1.8.0_121]
	at java.lang.reflect.AccessibleObject.slowCheckMemberAccess(AccessibleObject.java:296) ~[na:1.8.0_121]
	at java.lang.reflect.AccessibleObject.checkAccess(AccessibleObject.java:288) ~[na:1.8.0_121]
	at java.lang.reflect.Method.invoke(Method.java:491) ~[na:1.8.0_121]
	at org.evosuite.assertion.Inspector.getValue(Inspector.java:86) ~[evosuite-1.0.3.jar:1.0.3]
	at org.evosuite.coverage.io.output.OutputCoverageGoal.createGoalsFromObject(OutputCoverageGoal.java:258) ~[evosuite-1.0.3.jar:1.0.3]
	at org.evosuite.coverage.io.output.OutputObserver.afterStatement(OutputObserver.java:79) [evosuite-1.0.3.jar:1.0.3]
	at org.evosuite.testcase.execution.TestRunnable.informObservers_after(TestRunnable.java:163) [evosuite-1.0.3.jar:1.0.3]
	at org.evosuite.testcase.execution.TestRunnable.executeStatements(TestRunnable.java:361) [evosuite-1.0.3.jar:1.0.3]
	at org.evosuite.testcase.execution.TestRunnable.call(TestRunnable.java:212) [evosuite-1.0.3.jar:1.0.3]
	at org.evosuite.testcase.execution.TestRunnable.call(TestRunnable.java:55) [evosuite-1.0.3.jar:1.0.3]
	at java.util.concurrent.FutureTask.run(FutureTask.java:266) [na:1.8.0_121]
	at java.util.concurrent.ThreadPoolExecutor.runWorker(ThreadPoolExecutor.java:1142) [na:1.8.0_121]
	at java.util.concurrent.ThreadPoolExecutor$Worker.run(ThreadPoolExecutor.java:617) [na:1.8.0_121]
	at java.lang.Thread.run(Thread.java:745) [na:1.8.0_121]
[MASTER] 22:00:57.245 [TEST_EXECUTION_THREAD_0] WARN  OutputCoverageGoal - Class org.evosuite.assertion.Inspector can not access a member of class GenQueue with modifiers "public"
java.lang.IllegalAccessException: Class org.evosuite.assertion.Inspector can not access a member of class GenQueue with modifiers "public"
	at sun.reflect.Reflection.ensureMemberAccess(Reflection.java:102) ~[na:1.8.0_121]
	at java.lang.reflect.AccessibleObject.slowCheckMemberAccess(AccessibleObject.java:296) ~[na:1.8.0_121]
	at java.lang.reflect.AccessibleObject.checkAccess(AccessibleObject.java:288) ~[na:1.8.0_121]
	at java.lang.reflect.Method.invoke(Method.java:491) ~[na:1.8.0_121]
	at org.evosuite.assertion.Inspector.getValue(Inspector.java:86) ~[evosuite-1.0.3.jar:1.0.3]
	at org.evosuite.coverage.io.output.OutputCoverageGoal.createGoalsFromObject(OutputCoverageGoal.java:258) ~[evosuite-1.0.3.jar:1.0.3]
	at org.evosuite.coverage.io.output.OutputObserver.afterStatement(OutputObserver.java:79) [evosuite-1.0.3.jar:1.0.3]
	at org.evosuite.testcase.execution.TestRunnable.informObservers_after(TestRunnable.java:163) [evosuite-1.0.3.jar:1.0.3]
	at org.evosuite.testcase.execution.TestRunnable.executeStatements(TestRunnable.java:361) [evosuite-1.0.3.jar:1.0.3]
	at org.evosuite.testcase.execution.TestRunnable.call(TestRunnable.java:212) [evosuite-1.0.3.jar:1.0.3]
	at org.evosuite.testcase.execution.TestRunnable.call(TestRunnable.java:55) [evosuite-1.0.3.jar:1.0.3]
	at java.util.concurrent.FutureTask.run(FutureTask.java:266) [na:1.8.0_121]
	at java.util.concurrent.ThreadPoolExecutor.runWorker(ThreadPoolExecutor.java:1142) [na:1.8.0_121]
	at java.util.concurrent.ThreadPoolExecutor$Worker.run(ThreadPoolExecutor.java:617) [na:1.8.0_121]
	at java.lang.Thread.run(Thread.java:745) [na:1.8.0_121]
[MASTER] 22:00:57.261 [TEST_EXECUTION_THREAD_0] WARN  OutputCoverageGoal - Class org.evosuite.assertion.Inspector can not access a member of class GenQueue with modifiers "public"
java.lang.IllegalAccessException: Class org.evosuite.assertion.Inspector can not access a member of class GenQueue with modifiers "public"
	at sun.reflect.Reflection.ensureMemberAccess(Reflection.java:102) ~[na:1.8.0_121]
	at java.lang.reflect.AccessibleObject.slowCheckMemberAccess(AccessibleObject.java:296) ~[na:1.8.0_121]
	at java.lang.reflect.AccessibleObject.checkAccess(AccessibleObject.java:288) ~[na:1.8.0_121]
	at java.lang.reflect.Method.invoke(Method.java:491) ~[na:1.8.0_121]
	at org.evosuite.assertion.Inspector.getValue(Inspector.java:86) ~[evosuite-1.0.3.jar:1.0.3]
	at org.evosuite.coverage.io.output.OutputCoverageGoal.createGoalsFromObject(OutputCoverageGoal.java:258) ~[evosuite-1.0.3.jar:1.0.3]
	at org.evosuite.coverage.io.output.OutputObserver.afterStatement(OutputObserver.java:79) [evosuite-1.0.3.jar:1.0.3]
	at org.evosuite.testcase.execution.TestRunnable.informObservers_after(TestRunnable.java:163) [evosuite-1.0.3.jar:1.0.3]
	at org.evosuite.testcase.execution.TestRunnable.executeStatements(TestRunnable.java:361) [evosuite-1.0.3.jar:1.0.3]
	at org.evosuite.testcase.execution.TestRunnable.call(TestRunnable.java:212) [evosuite-1.0.3.jar:1.0.3]
	at org.evosuite.testcase.execution.TestRunnable.call(TestRunnable.java:55) [evosuite-1.0.3.jar:1.0.3]
	at java.util.concurrent.FutureTask.run(FutureTask.java:266) [na:1.8.0_121]
	at java.util.concurrent.ThreadPoolExecutor.runWorker(ThreadPoolExecutor.java:1142) [na:1.8.0_121]
	at java.util.concurrent.ThreadPoolExecutor$Worker.run(ThreadPoolExecutor.java:617) [na:1.8.0_121]
	at java.lang.Thread.run(Thread.java:745) [na:1.8.0_121]
[MASTER] 22:00:57.264 [TEST_EXECUTION_THREAD_0] WARN  OutputCoverageGoal - Class org.evosuite.assertion.Inspector can not access a member of class GenQueue with modifiers "public"
java.lang.IllegalAccessException: Class org.evosuite.assertion.Inspector can not access a member of class GenQueue with modifiers "public"
	at sun.reflect.Reflection.ensureMemberAccess(Reflection.java:102) ~[na:1.8.0_121]
	at java.lang.reflect.AccessibleObject.slowCheckMemberAccess(AccessibleObject.java:296) ~[na:1.8.0_121]
	at java.lang.reflect.AccessibleObject.checkAccess(AccessibleObject.java:288) ~[na:1.8.0_121]
	at java.lang.reflect.Method.invoke(Method.java:491) ~[na:1.8.0_121]
	at org.evosuite.assertion.Inspector.getValue(Inspector.java:86) ~[evosuite-1.0.3.jar:1.0.3]
	at org.evosuite.coverage.io.output.OutputCoverageGoal.createGoalsFromObject(OutputCoverageGoal.java:258) ~[evosuite-1.0.3.jar:1.0.3]
	at org.evosuite.coverage.io.output.OutputObserver.afterStatement(OutputObserver.java:79) [evosuite-1.0.3.jar:1.0.3]
	at org.evosuite.testcase.execution.TestRunnable.informObservers_after(TestRunnable.java:163) [evosuite-1.0.3.jar:1.0.3]
	at org.evosuite.testcase.execution.TestRunnable.executeStatements(TestRunnable.java:361) [evosuite-1.0.3.jar:1.0.3]
	at org.evosuite.testcase.execution.TestRunnable.call(TestRunnable.java:212) [evosuite-1.0.3.jar:1.0.3]
	at org.evosuite.testcase.execution.TestRunnable.call(TestRunnable.java:55) [evosuite-1.0.3.jar:1.0.3]
	at java.util.concurrent.FutureTask.run(FutureTask.java:266) [na:1.8.0_121]
	at java.util.concurrent.ThreadPoolExecutor.runWorker(ThreadPoolExecutor.java:1142) [na:1.8.0_121]
	at java.util.concurrent.ThreadPoolExecutor$Worker.run(ThreadPoolExecutor.java:617) [na:1.8.0_121]
	at java.lang.Thread.run(Thread.java:745) [na:1.8.0_121]
[MASTER] 22:00:57.266 [TEST_EXECUTION_THREAD_0] WARN  OutputCoverageGoal - Class org.evosuite.assertion.Inspector can not access a member of class GenQueue with modifiers "public"
java.lang.IllegalAccessException: Class org.evosuite.assertion.Inspector can not access a member of class GenQueue with modifiers "public"
	at sun.reflect.Reflection.ensureMemberAccess(Reflection.java:102) ~[na:1.8.0_121]
	at java.lang.reflect.AccessibleObject.slowCheckMemberAccess(AccessibleObject.java:296) ~[na:1.8.0_121]
	at java.lang.reflect.AccessibleObject.checkAccess(AccessibleObject.java:288) ~[na:1.8.0_121]
	at java.lang.reflect.Method.invoke(Method.java:491) ~[na:1.8.0_121]
	at org.evosuite.assertion.Inspector.getValue(Inspector.java:86) ~[evosuite-1.0.3.jar:1.0.3]
	at org.evosuite.coverage.io.output.OutputCoverageGoal.createGoalsFromObject(OutputCoverageGoal.java:258) ~[evosuite-1.0.3.jar:1.0.3]
	at org.evosuite.coverage.io.output.OutputObserver.afterStatement(OutputObserver.java:79) [evosuite-1.0.3.jar:1.0.3]
	at org.evosuite.testcase.execution.TestRunnable.informObservers_after(TestRunnable.java:163) [evosuite-1.0.3.jar:1.0.3]
	at org.evosuite.testcase.execution.TestRunnable.executeStatements(TestRunnable.java:361) [evosuite-1.0.3.jar:1.0.3]
	at org.evosuite.testcase.execution.TestRunnable.call(TestRunnable.java:212) [evosuite-1.0.3.jar:1.0.3]
	at org.evosuite.testcase.execution.TestRunnable.call(TestRunnable.java:55) [evosuite-1.0.3.jar:1.0.3]
	at java.util.concurrent.FutureTask.run(FutureTask.java:266) [na:1.8.0_121]
	at java.util.concurrent.ThreadPoolExecutor.runWorker(ThreadPoolExecutor.java:1142) [na:1.8.0_121]
	at java.util.concurrent.ThreadPoolExecutor$Worker.run(ThreadPoolExecutor.java:617) [na:1.8.0_121]
	at java.lang.Thread.run(Thread.java:745) [na:1.8.0_121]
[MASTER] 22:00:57.268 [TEST_EXECUTION_THREAD_0] WARN  OutputCoverageGoal - Class org.evosuite.assertion.Inspector can not access a member of class GenQueue with modifiers "public"
java.lang.IllegalAccessException: Class org.evosuite.assertion.Inspector can not access a member of class GenQueue with modifiers "public"
	at sun.reflect.Reflection.ensureMemberAccess(Reflection.java:102) ~[na:1.8.0_121]
	at java.lang.reflect.AccessibleObject.slowCheckMemberAccess(AccessibleObject.java:296) ~[na:1.8.0_121]
	at java.lang.reflect.AccessibleObject.checkAccess(AccessibleObject.java:288) ~[na:1.8.0_121]
	at java.lang.reflect.Method.invoke(Method.java:491) ~[na:1.8.0_121]
	at org.evosuite.assertion.Inspector.getValue(Inspector.java:86) ~[evosuite-1.0.3.jar:1.0.3]
	at org.evosuite.coverage.io.output.OutputCoverageGoal.createGoalsFromObject(OutputCoverageGoal.java:258) ~[evosuite-1.0.3.jar:1.0.3]
	at org.evosuite.coverage.io.output.OutputObserver.afterStatement(OutputObserver.java:79) [evosuite-1.0.3.jar:1.0.3]
	at org.evosuite.testcase.execution.TestRunnable.informObservers_after(TestRunnable.java:163) [evosuite-1.0.3.jar:1.0.3]
	at org.evosuite.testcase.execution.TestRunnable.executeStatements(TestRunnable.java:361) [evosuite-1.0.3.jar:1.0.3]
	at org.evosuite.testcase.execution.TestRunnable.call(TestRunnable.java:212) [evosuite-1.0.3.jar:1.0.3]
	at org.evosuite.testcase.execution.TestRunnable.call(TestRunnable.java:55) [evosuite-1.0.3.jar:1.0.3]
	at java.util.concurrent.FutureTask.run(FutureTask.java:266) [na:1.8.0_121]
	at java.util.concurrent.ThreadPoolExecutor.runWorker(ThreadPoolExecutor.java:1142) [na:1.8.0_121]
	at java.util.concurrent.ThreadPoolExecutor$Worker.run(ThreadPoolExecutor.java:617) [na:1.8.0_121]
	at java.lang.Thread.run(Thread.java:745) [na:1.8.0_121]
[MASTER] 22:00:57.270 [TEST_EXECUTION_THREAD_0] WARN  OutputCoverageGoal - Class org.evosuite.assertion.Inspector can not access a member of class GenQueue with modifiers "public"
java.lang.IllegalAccessException: Class org.evosuite.assertion.Inspector can not access a member of class GenQueue with modifiers "public"
	at sun.reflect.Reflection.ensureMemberAccess(Reflection.java:102) ~[na:1.8.0_121]
	at java.lang.reflect.AccessibleObject.slowCheckMemberAccess(AccessibleObject.java:296) ~[na:1.8.0_121]
	at java.lang.reflect.AccessibleObject.checkAccess(AccessibleObject.java:288) ~[na:1.8.0_121]
	at java.lang.reflect.Method.invoke(Method.java:491) ~[na:1.8.0_121]
	at org.evosuite.assertion.Inspector.getValue(Inspector.java:86) ~[evosuite-1.0.3.jar:1.0.3]
	at org.evosuite.coverage.io.output.OutputCoverageGoal.createGoalsFromObject(OutputCoverageGoal.java:258) ~[evosuite-1.0.3.jar:1.0.3]
	at org.evosuite.coverage.io.output.OutputObserver.afterStatement(OutputObserver.java:79) [evosuite-1.0.3.jar:1.0.3]
	at org.evosuite.testcase.execution.TestRunnable.informObservers_after(TestRunnable.java:163) [evosuite-1.0.3.jar:1.0.3]
	at org.evosuite.testcase.execution.TestRunnable.executeStatements(TestRunnable.java:361) [evosuite-1.0.3.jar:1.0.3]
	at org.evosuite.testcase.execution.TestRunnable.call(TestRunnable.java:212) [evosuite-1.0.3.jar:1.0.3]
	at org.evosuite.testcase.execution.TestRunnable.call(TestRunnable.java:55) [evosuite-1.0.3.jar:1.0.3]
	at java.util.concurrent.FutureTask.run(FutureTask.java:266) [na:1.8.0_121]
	at java.util.concurrent.ThreadPoolExecutor.runWorker(ThreadPoolExecutor.java:1142) [na:1.8.0_121]
	at java.util.concurrent.ThreadPoolExecutor$Worker.run(ThreadPoolExecutor.java:617) [na:1.8.0_121]
	at java.lang.Thread.run(Thread.java:745) [na:1.8.0_121]
[MASTER] 22:00:57.272 [TEST_EXECUTION_THREAD_0] WARN  OutputCoverageGoal - Class org.evosuite.assertion.Inspector can not access a member of class GenQueue with modifiers "public"
java.lang.IllegalAccessException: Class org.evosuite.assertion.Inspector can not access a member of class GenQueue with modifiers "public"
	at sun.reflect.Reflection.ensureMemberAccess(Reflection.java:102) ~[na:1.8.0_121]
	at java.lang.reflect.AccessibleObject.slowCheckMemberAccess(AccessibleObject.java:296) ~[na:1.8.0_121]
	at java.lang.reflect.AccessibleObject.checkAccess(AccessibleObject.java:288) ~[na:1.8.0_121]
	at java.lang.reflect.Method.invoke(Method.java:491) ~[na:1.8.0_121]
	at org.evosuite.assertion.Inspector.getValue(Inspector.java:86) ~[evosuite-1.0.3.jar:1.0.3]
	at org.evosuite.coverage.io.output.OutputCoverageGoal.createGoalsFromObject(OutputCoverageGoal.java:258) ~[evosuite-1.0.3.jar:1.0.3]
	at org.evosuite.coverage.io.output.OutputObserver.afterStatement(OutputObserver.java:79) [evosuite-1.0.3.jar:1.0.3]
	at org.evosuite.testcase.execution.TestRunnable.informObservers_after(TestRunnable.java:163) [evosuite-1.0.3.jar:1.0.3]
	at org.evosuite.testcase.execution.TestRunnable.executeStatements(TestRunnable.java:361) [evosuite-1.0.3.jar:1.0.3]
	at org.evosuite.testcase.execution.TestRunnable.call(TestRunnable.java:212) [evosuite-1.0.3.jar:1.0.3]
	at org.evosuite.testcase.execution.TestRunnable.call(TestRunnable.java:55) [evosuite-1.0.3.jar:1.0.3]
	at java.util.concurrent.FutureTask.run(FutureTask.java:266) [na:1.8.0_121]
	at java.util.concurrent.ThreadPoolExecutor.runWorker(ThreadPoolExecutor.java:1142) [na:1.8.0_121]
	at java.util.concurrent.ThreadPoolExecutor$Worker.run(ThreadPoolExecutor.java:617) [na:1.8.0_121]
	at java.lang.Thread.run(Thread.java:745) [na:1.8.0_121]
[MASTER] 22:00:57.274 [TEST_EXECUTION_THREAD_0] WARN  OutputCoverageGoal - Class org.evosuite.assertion.Inspector can not access a member of class GenQueue with modifiers "public"
java.lang.IllegalAccessException: Class org.evosuite.assertion.Inspector can not access a member of class GenQueue with modifiers "public"
	at sun.reflect.Reflection.ensureMemberAccess(Reflection.java:102) ~[na:1.8.0_121]
	at java.lang.reflect.AccessibleObject.slowCheckMemberAccess(AccessibleObject.java:296) ~[na:1.8.0_121]
	at java.lang.reflect.AccessibleObject.checkAccess(AccessibleObject.java:288) ~[na:1.8.0_121]
	at java.lang.reflect.Method.invoke(Method.java:491) ~[na:1.8.0_121]
	at org.evosuite.assertion.Inspector.getValue(Inspector.java:86) ~[evosuite-1.0.3.jar:1.0.3]
	at org.evosuite.coverage.io.output.OutputCoverageGoal.createGoalsFromObject(OutputCoverageGoal.java:258) ~[evosuite-1.0.3.jar:1.0.3]
	at org.evosuite.coverage.io.output.OutputObserver.afterStatement(OutputObserver.java:79) [evosuite-1.0.3.jar:1.0.3]
	at org.evosuite.testcase.execution.TestRunnable.informObservers_after(TestRunnable.java:163) [evosuite-1.0.3.jar:1.0.3]
	at org.evosuite.testcase.execution.TestRunnable.executeStatements(TestRunnable.java:361) [evosuite-1.0.3.jar:1.0.3]
	at org.evosuite.testcase.execution.TestRunnable.call(TestRunnable.java:212) [evosuite-1.0.3.jar:1.0.3]
	at org.evosuite.testcase.execution.TestRunnable.call(TestRunnable.java:55) [evosuite-1.0.3.jar:1.0.3]
	at java.util.concurrent.FutureTask.run(FutureTask.java:266) [na:1.8.0_121]
	at java.util.concurrent.ThreadPoolExecutor.runWorker(ThreadPoolExecutor.java:1142) [na:1.8.0_121]
	at java.util.concurrent.ThreadPoolExecutor$Worker.run(ThreadPoolExecutor.java:617) [na:1.8.0_121]
	at java.lang.Thread.run(Thread.java:745) [na:1.8.0_121]
[MASTER] 22:00:57.276 [TEST_EXECUTION_THREAD_0] WARN  OutputCoverageGoal - Class org.evosuite.assertion.Inspector can not access a member of class GenQueue with modifiers "public"
java.lang.IllegalAccessException: Class org.evosuite.assertion.Inspector can not access a member of class GenQueue with modifiers "public"
	at sun.reflect.Reflection.ensureMemberAccess(Reflection.java:102) ~[na:1.8.0_121]
	at java.lang.reflect.AccessibleObject.slowCheckMemberAccess(AccessibleObject.java:296) ~[na:1.8.0_121]
	at java.lang.reflect.AccessibleObject.checkAccess(AccessibleObject.java:288) ~[na:1.8.0_121]
	at java.lang.reflect.Method.invoke(Method.java:491) ~[na:1.8.0_121]
	at org.evosuite.assertion.Inspector.getValue(Inspector.java:86) ~[evosuite-1.0.3.jar:1.0.3]
	at org.evosuite.coverage.io.output.OutputCoverageGoal.createGoalsFromObject(OutputCoverageGoal.java:258) ~[evosuite-1.0.3.jar:1.0.3]
	at org.evosuite.coverage.io.output.OutputObserver.afterStatement(OutputObserver.java:79) [evosuite-1.0.3.jar:1.0.3]
	at org.evosuite.testcase.execution.TestRunnable.informObservers_after(TestRunnable.java:163) [evosuite-1.0.3.jar:1.0.3]
	at org.evosuite.testcase.execution.TestRunnable.executeStatements(TestRunnable.java:361) [evosuite-1.0.3.jar:1.0.3]
	at org.evosuite.testcase.execution.TestRunnable.call(TestRunnable.java:212) [evosuite-1.0.3.jar:1.0.3]
	at org.evosuite.testcase.execution.TestRunnable.call(TestRunnable.java:55) [evosuite-1.0.3.jar:1.0.3]
	at java.util.concurrent.FutureTask.run(FutureTask.java:266) [na:1.8.0_121]
	at java.util.concurrent.ThreadPoolExecutor.runWorker(ThreadPoolExecutor.java:1142) [na:1.8.0_121]
	at java.util.concurrent.ThreadPoolExecutor$Worker.run(ThreadPoolExecutor.java:617) [na:1.8.0_121]
	at java.lang.Thread.run(Thread.java:745) [na:1.8.0_121]
[MASTER] 22:00:57.278 [TEST_EXECUTION_THREAD_0] WARN  OutputCoverageGoal - Class org.evosuite.assertion.Inspector can not access a member of class GenQueue with modifiers "public"
java.lang.IllegalAccessException: Class org.evosuite.assertion.Inspector can not access a member of class GenQueue with modifiers "public"
	at sun.reflect.Reflection.ensureMemberAccess(Reflection.java:102) ~[na:1.8.0_121]
	at java.lang.reflect.AccessibleObject.slowCheckMemberAccess(AccessibleObject.java:296) ~[na:1.8.0_121]
	at java.lang.reflect.AccessibleObject.checkAccess(AccessibleObject.java:288) ~[na:1.8.0_121]
	at java.lang.reflect.Method.invoke(Method.java:491) ~[na:1.8.0_121]
	at org.evosuite.assertion.Inspector.getValue(Inspector.java:86) ~[evosuite-1.0.3.jar:1.0.3]
	at org.evosuite.coverage.io.output.OutputCoverageGoal.createGoalsFromObject(OutputCoverageGoal.java:258) ~[evosuite-1.0.3.jar:1.0.3]
	at org.evosuite.coverage.io.output.OutputObserver.afterStatement(OutputObserver.java:79) [evosuite-1.0.3.jar:1.0.3]
	at org.evosuite.testcase.execution.TestRunnable.informObservers_after(TestRunnable.java:163) [evosuite-1.0.3.jar:1.0.3]
	at org.evosuite.testcase.execution.TestRunnable.executeStatements(TestRunnable.java:361) [evosuite-1.0.3.jar:1.0.3]
	at org.evosuite.testcase.execution.TestRunnable.call(TestRunnable.java:212) [evosuite-1.0.3.jar:1.0.3]
	at org.evosuite.testcase.execution.TestRunnable.call(TestRunnable.java:55) [evosuite-1.0.3.jar:1.0.3]
	at java.util.concurrent.FutureTask.run(FutureTask.java:266) [na:1.8.0_121]
	at java.util.concurrent.ThreadPoolExecutor.runWorker(ThreadPoolExecutor.java:1142) [na:1.8.0_121]
	at java.util.concurrent.ThreadPoolExecutor$Worker.run(ThreadPoolExecutor.java:617) [na:1.8.0_121]
	at java.lang.Thread.run(Thread.java:745) [na:1.8.0_121]
[MASTER] 22:00:57.280 [TEST_EXECUTION_THREAD_0] WARN  OutputCoverageGoal - Class org.evosuite.assertion.Inspector can not access a member of class GenQueue with modifiers "public"
java.lang.IllegalAccessException: Class org.evosuite.assertion.Inspector can not access a member of class GenQueue with modifiers "public"
	at sun.reflect.Reflection.ensureMemberAccess(Reflection.java:102) ~[na:1.8.0_121]
	at java.lang.reflect.AccessibleObject.slowCheckMemberAccess(AccessibleObject.java:296) ~[na:1.8.0_121]
	at java.lang.reflect.AccessibleObject.checkAccess(AccessibleObject.java:288) ~[na:1.8.0_121]
	at java.lang.reflect.Method.invoke(Method.java:491) ~[na:1.8.0_121]
	at org.evosuite.assertion.Inspector.getValue(Inspector.java:86) ~[evosuite-1.0.3.jar:1.0.3]
	at org.evosuite.coverage.io.output.OutputCoverageGoal.createGoalsFromObject(OutputCoverageGoal.java:258) ~[evosuite-1.0.3.jar:1.0.3]
	at org.evosuite.coverage.io.output.OutputObserver.afterStatement(OutputObserver.java:79) [evosuite-1.0.3.jar:1.0.3]
	at org.evosuite.testcase.execution.TestRunnable.informObservers_after(TestRunnable.java:163) [evosuite-1.0.3.jar:1.0.3]
	at org.evosuite.testcase.execution.TestRunnable.executeStatements(TestRunnable.java:361) [evosuite-1.0.3.jar:1.0.3]
	at org.evosuite.testcase.execution.TestRunnable.call(TestRunnable.java:212) [evosuite-1.0.3.jar:1.0.3]
	at org.evosuite.testcase.execution.TestRunnable.call(TestRunnable.java:55) [evosuite-1.0.3.jar:1.0.3]
	at java.util.concurrent.FutureTask.run(FutureTask.java:266) [na:1.8.0_121]
	at java.util.concurrent.ThreadPoolExecutor.runWorker(ThreadPoolExecutor.java:1142) [na:1.8.0_121]
	at java.util.concurrent.ThreadPoolExecutor$Worker.run(ThreadPoolExecutor.java:617) [na:1.8.0_121]
	at java.lang.Thread.run(Thread.java:745) [na:1.8.0_121]
[MASTER] 22:00:57.282 [TEST_EXECUTION_THREAD_0] WARN  OutputCoverageGoal - Class org.evosuite.assertion.Inspector can not access a member of class GenQueue with modifiers "public"
java.lang.IllegalAccessException: Class org.evosuite.assertion.Inspector can not access a member of class GenQueue with modifiers "public"
	at sun.reflect.Reflection.ensureMemberAccess(Reflection.java:102) ~[na:1.8.0_121]
	at java.lang.reflect.AccessibleObject.slowCheckMemberAccess(AccessibleObject.java:296) ~[na:1.8.0_121]
	at java.lang.reflect.AccessibleObject.checkAccess(AccessibleObject.java:288) ~[na:1.8.0_121]
	at java.lang.reflect.Method.invoke(Method.java:491) ~[na:1.8.0_121]
	at org.evosuite.assertion.Inspector.getValue(Inspector.java:86) ~[evosuite-1.0.3.jar:1.0.3]
	at org.evosuite.coverage.io.output.OutputCoverageGoal.createGoalsFromObject(OutputCoverageGoal.java:258) ~[evosuite-1.0.3.jar:1.0.3]
	at org.evosuite.coverage.io.output.OutputObserver.afterStatement(OutputObserver.java:79) [evosuite-1.0.3.jar:1.0.3]
	at org.evosuite.testcase.execution.TestRunnable.informObservers_after(TestRunnable.java:163) [evosuite-1.0.3.jar:1.0.3]
	at org.evosuite.testcase.execution.TestRunnable.executeStatements(TestRunnable.java:361) [evosuite-1.0.3.jar:1.0.3]
	at org.evosuite.testcase.execution.TestRunnable.call(TestRunnable.java:212) [evosuite-1.0.3.jar:1.0.3]
	at org.evosuite.testcase.execution.TestRunnable.call(TestRunnable.java:55) [evosuite-1.0.3.jar:1.0.3]
	at java.util.concurrent.FutureTask.run(FutureTask.java:266) [na:1.8.0_121]
	at java.util.concurrent.ThreadPoolExecutor.runWorker(ThreadPoolExecutor.java:1142) [na:1.8.0_121]
	at java.util.concurrent.ThreadPoolExecutor$Worker.run(ThreadPoolExecutor.java:617) [na:1.8.0_121]
	at java.lang.Thread.run(Thread.java:745) [na:1.8.0_121]
[MASTER] 22:00:57.283 [TEST_EXECUTION_THREAD_0] WARN  OutputCoverageGoal - Class org.evosuite.assertion.Inspector can not access a member of class GenQueue with modifiers "public"
java.lang.IllegalAccessException: Class org.evosuite.assertion.Inspector can not access a member of class GenQueue with modifiers "public"
	at sun.reflect.Reflection.ensureMemberAccess(Reflection.java:102) ~[na:1.8.0_121]
	at java.lang.reflect.AccessibleObject.slowCheckMemberAccess(AccessibleObject.java:296) ~[na:1.8.0_121]
	at java.lang.reflect.AccessibleObject.checkAccess(AccessibleObject.java:288) ~[na:1.8.0_121]
	at java.lang.reflect.Method.invoke(Method.java:491) ~[na:1.8.0_121]
	at org.evosuite.assertion.Inspector.getValue(Inspector.java:86) ~[evosuite-1.0.3.jar:1.0.3]
	at org.evosuite.coverage.io.output.OutputCoverageGoal.createGoalsFromObject(OutputCoverageGoal.java:258) ~[evosuite-1.0.3.jar:1.0.3]
	at org.evosuite.coverage.io.output.OutputObserver.afterStatement(OutputObserver.java:79) [evosuite-1.0.3.jar:1.0.3]
	at org.evosuite.testcase.execution.TestRunnable.informObservers_after(TestRunnable.java:163) [evosuite-1.0.3.jar:1.0.3]
	at org.evosuite.testcase.execution.TestRunnable.executeStatements(TestRunnable.java:361) [evosuite-1.0.3.jar:1.0.3]
	at org.evosuite.testcase.execution.TestRunnable.call(TestRunnable.java:212) [evosuite-1.0.3.jar:1.0.3]
	at org.evosuite.testcase.execution.TestRunnable.call(TestRunnable.java:55) [evosuite-1.0.3.jar:1.0.3]
	at java.util.concurrent.FutureTask.run(FutureTask.java:266) [na:1.8.0_121]
	at java.util.concurrent.ThreadPoolExecutor.runWorker(ThreadPoolExecutor.java:1142) [na:1.8.0_121]
	at java.util.concurrent.ThreadPoolExecutor$Worker.run(ThreadPoolExecutor.java:617) [na:1.8.0_121]
	at java.lang.Thread.run(Thread.java:745) [na:1.8.0_121]
[MASTER] 22:00:57.285 [TEST_EXECUTION_THREAD_0] WARN  OutputCoverageGoal - Class org.evosuite.assertion.Inspector can not access a member of class GenQueue with modifiers "public"
java.lang.IllegalAccessException: Class org.evosuite.assertion.Inspector can not access a member of class GenQueue with modifiers "public"
	at sun.reflect.Reflection.ensureMemberAccess(Reflection.java:102) ~[na:1.8.0_121]
	at java.lang.reflect.AccessibleObject.slowCheckMemberAccess(AccessibleObject.java:296) ~[na:1.8.0_121]
	at java.lang.reflect.AccessibleObject.checkAccess(AccessibleObject.java:288) ~[na:1.8.0_121]
	at java.lang.reflect.Method.invoke(Method.java:491) ~[na:1.8.0_121]
	at org.evosuite.assertion.Inspector.getValue(Inspector.java:86) ~[evosuite-1.0.3.jar:1.0.3]
	at org.evosuite.coverage.io.output.OutputCoverageGoal.createGoalsFromObject(OutputCoverageGoal.java:258) ~[evosuite-1.0.3.jar:1.0.3]
	at org.evosuite.coverage.io.output.OutputObserver.afterStatement(OutputObserver.java:79) [evosuite-1.0.3.jar:1.0.3]
	at org.evosuite.testcase.execution.TestRunnable.informObservers_after(TestRunnable.java:163) [evosuite-1.0.3.jar:1.0.3]
	at org.evosuite.testcase.execution.TestRunnable.executeStatements(TestRunnable.java:361) [evosuite-1.0.3.jar:1.0.3]
	at org.evosuite.testcase.execution.TestRunnable.call(TestRunnable.java:212) [evosuite-1.0.3.jar:1.0.3]
	at org.evosuite.testcase.execution.TestRunnable.call(TestRunnable.java:55) [evosuite-1.0.3.jar:1.0.3]
	at java.util.concurrent.FutureTask.run(FutureTask.java:266) [na:1.8.0_121]
	at java.util.concurrent.ThreadPoolExecutor.runWorker(ThreadPoolExecutor.java:1142) [na:1.8.0_121]
	at java.util.concurrent.ThreadPoolExecutor$Worker.run(ThreadPoolExecutor.java:617) [na:1.8.0_121]
	at java.lang.Thread.run(Thread.java:745) [na:1.8.0_121]
[MASTER] 22:00:57.287 [TEST_EXECUTION_THREAD_0] WARN  OutputCoverageGoal - Class org.evosuite.assertion.Inspector can not access a member of class GenQueue with modifiers "public"
java.lang.IllegalAccessException: Class org.evosuite.assertion.Inspector can not access a member of class GenQueue with modifiers "public"
	at sun.reflect.Reflection.ensureMemberAccess(Reflection.java:102) ~[na:1.8.0_121]
	at java.lang.reflect.AccessibleObject.slowCheckMemberAccess(AccessibleObject.java:296) ~[na:1.8.0_121]
	at java.lang.reflect.AccessibleObject.checkAccess(AccessibleObject.java:288) ~[na:1.8.0_121]
	at java.lang.reflect.Method.invoke(Method.java:491) ~[na:1.8.0_121]
	at org.evosuite.assertion.Inspector.getValue(Inspector.java:86) ~[evosuite-1.0.3.jar:1.0.3]
	at org.evosuite.coverage.io.output.OutputCoverageGoal.createGoalsFromObject(OutputCoverageGoal.java:258) ~[evosuite-1.0.3.jar:1.0.3]
	at org.evosuite.coverage.io.output.OutputObserver.afterStatement(OutputObserver.java:79) [evosuite-1.0.3.jar:1.0.3]
	at org.evosuite.testcase.execution.TestRunnable.informObservers_after(TestRunnable.java:163) [evosuite-1.0.3.jar:1.0.3]
	at org.evosuite.testcase.execution.TestRunnable.executeStatements(TestRunnable.java:361) [evosuite-1.0.3.jar:1.0.3]
	at org.evosuite.testcase.execution.TestRunnable.call(TestRunnable.java:212) [evosuite-1.0.3.jar:1.0.3]
	at org.evosuite.testcase.execution.TestRunnable.call(TestRunnable.java:55) [evosuite-1.0.3.jar:1.0.3]
	at java.util.concurrent.FutureTask.run(FutureTask.java:266) [na:1.8.0_121]
	at java.util.concurrent.ThreadPoolExecutor.runWorker(ThreadPoolExecutor.java:1142) [na:1.8.0_121]
	at java.util.concurrent.ThreadPoolExecutor$Worker.run(ThreadPoolExecutor.java:617) [na:1.8.0_121]
	at java.lang.Thread.run(Thread.java:745) [na:1.8.0_121]
[MASTER] 22:00:57.288 [TEST_EXECUTION_THREAD_0] WARN  OutputCoverageGoal - Class org.evosuite.assertion.Inspector can not access a member of class GenQueue with modifiers "public"
java.lang.IllegalAccessException: Class org.evosuite.assertion.Inspector can not access a member of class GenQueue with modifiers "public"
	at sun.reflect.Reflection.ensureMemberAccess(Reflection.java:102) ~[na:1.8.0_121]
	at java.lang.reflect.AccessibleObject.slowCheckMemberAccess(AccessibleObject.java:296) ~[na:1.8.0_121]
	at java.lang.reflect.AccessibleObject.checkAccess(AccessibleObject.java:288) ~[na:1.8.0_121]
	at java.lang.reflect.Method.invoke(Method.java:491) ~[na:1.8.0_121]
	at org.evosuite.assertion.Inspector.getValue(Inspector.java:86) ~[evosuite-1.0.3.jar:1.0.3]
	at org.evosuite.coverage.io.output.OutputCoverageGoal.createGoalsFromObject(OutputCoverageGoal.java:258) ~[evosuite-1.0.3.jar:1.0.3]
	at org.evosuite.coverage.io.output.OutputObserver.afterStatement(OutputObserver.java:79) [evosuite-1.0.3.jar:1.0.3]
	at org.evosuite.testcase.execution.TestRunnable.informObservers_after(TestRunnable.java:163) [evosuite-1.0.3.jar:1.0.3]
	at org.evosuite.testcase.execution.TestRunnable.executeStatements(TestRunnable.java:361) [evosuite-1.0.3.jar:1.0.3]
	at org.evosuite.testcase.execution.TestRunnable.call(TestRunnable.java:212) [evosuite-1.0.3.jar:1.0.3]
	at org.evosuite.testcase.execution.TestRunnable.call(TestRunnable.java:55) [evosuite-1.0.3.jar:1.0.3]
	at java.util.concurrent.FutureTask.run(FutureTask.java:266) [na:1.8.0_121]
	at java.util.concurrent.ThreadPoolExecutor.runWorker(ThreadPoolExecutor.java:1142) [na:1.8.0_121]
	at java.util.concurrent.ThreadPoolExecutor$Worker.run(ThreadPoolExecutor.java:617) [na:1.8.0_121]
	at java.lang.Thread.run(Thread.java:745) [na:1.8.0_121]
[MASTER] 22:00:57.290 [TEST_EXECUTION_THREAD_0] WARN  OutputCoverageGoal - Class org.evosuite.assertion.Inspector can not access a member of class GenQueue with modifiers "public"
java.lang.IllegalAccessException: Class org.evosuite.assertion.Inspector can not access a member of class GenQueue with modifiers "public"
	at sun.reflect.Reflection.ensureMemberAccess(Reflection.java:102) ~[na:1.8.0_121]
	at java.lang.reflect.AccessibleObject.slowCheckMemberAccess(AccessibleObject.java:296) ~[na:1.8.0_121]
	at java.lang.reflect.AccessibleObject.checkAccess(AccessibleObject.java:288) ~[na:1.8.0_121]
	at java.lang.reflect.Method.invoke(Method.java:491) ~[na:1.8.0_121]
	at org.evosuite.assertion.Inspector.getValue(Inspector.java:86) ~[evosuite-1.0.3.jar:1.0.3]
	at org.evosuite.coverage.io.output.OutputCoverageGoal.createGoalsFromObject(OutputCoverageGoal.java:258) ~[evosuite-1.0.3.jar:1.0.3]
	at org.evosuite.coverage.io.output.OutputObserver.afterStatement(OutputObserver.java:79) [evosuite-1.0.3.jar:1.0.3]
	at org.evosuite.testcase.execution.TestRunnable.informObservers_after(TestRunnable.java:163) [evosuite-1.0.3.jar:1.0.3]
	at org.evosuite.testcase.execution.TestRunnable.executeStatements(TestRunnable.java:361) [evosuite-1.0.3.jar:1.0.3]
	at org.evosuite.testcase.execution.TestRunnable.call(TestRunnable.java:212) [evosuite-1.0.3.jar:1.0.3]
	at org.evosuite.testcase.execution.TestRunnable.call(TestRunnable.java:55) [evosuite-1.0.3.jar:1.0.3]
	at java.util.concurrent.FutureTask.run(FutureTask.java:266) [na:1.8.0_121]
	at java.util.concurrent.ThreadPoolExecutor.runWorker(ThreadPoolExecutor.java:1142) [na:1.8.0_121]
	at java.util.concurrent.ThreadPoolExecutor$Worker.run(ThreadPoolExecutor.java:617) [na:1.8.0_121]
	at java.lang.Thread.run(Thread.java:745) [na:1.8.0_121]
[MASTER] 22:00:57.291 [TEST_EXECUTION_THREAD_0] WARN  OutputCoverageGoal - Class org.evosuite.assertion.Inspector can not access a member of class GenQueue with modifiers "public"
java.lang.IllegalAccessException: Class org.evosuite.assertion.Inspector can not access a member of class GenQueue with modifiers "public"
	at sun.reflect.Reflection.ensureMemberAccess(Reflection.java:102) ~[na:1.8.0_121]
	at java.lang.reflect.AccessibleObject.slowCheckMemberAccess(AccessibleObject.java:296) ~[na:1.8.0_121]
	at java.lang.reflect.AccessibleObject.checkAccess(AccessibleObject.java:288) ~[na:1.8.0_121]
	at java.lang.reflect.Method.invoke(Method.java:491) ~[na:1.8.0_121]
	at org.evosuite.assertion.Inspector.getValue(Inspector.java:86) ~[evosuite-1.0.3.jar:1.0.3]
	at org.evosuite.coverage.io.output.OutputCoverageGoal.createGoalsFromObject(OutputCoverageGoal.java:258) ~[evosuite-1.0.3.jar:1.0.3]
	at org.evosuite.coverage.io.output.OutputObserver.afterStatement(OutputObserver.java:79) [evosuite-1.0.3.jar:1.0.3]
	at org.evosuite.testcase.execution.TestRunnable.informObservers_after(TestRunnable.java:163) [evosuite-1.0.3.jar:1.0.3]
	at org.evosuite.testcase.execution.TestRunnable.executeStatements(TestRunnable.java:361) [evosuite-1.0.3.jar:1.0.3]
	at org.evosuite.testcase.execution.TestRunnable.call(TestRunnable.java:212) [evosuite-1.0.3.jar:1.0.3]
	at org.evosuite.testcase.execution.TestRunnable.call(TestRunnable.java:55) [evosuite-1.0.3.jar:1.0.3]
	at java.util.concurrent.FutureTask.run(FutureTask.java:266) [na:1.8.0_121]
	at java.util.concurrent.ThreadPoolExecutor.runWorker(ThreadPoolExecutor.java:1142) [na:1.8.0_121]
	at java.util.concurrent.ThreadPoolExecutor$Worker.run(ThreadPoolExecutor.java:617) [na:1.8.0_121]
	at java.lang.Thread.run(Thread.java:745) [na:1.8.0_121]
[MASTER] 22:00:57.294 [TEST_EXECUTION_THREAD_0] WARN  OutputCoverageGoal - Class org.evosuite.assertion.Inspector can not access a member of class GenQueue with modifiers "public"
java.lang.IllegalAccessException: Class org.evosuite.assertion.Inspector can not access a member of class GenQueue with modifiers "public"
	at sun.reflect.Reflection.ensureMemberAccess(Reflection.java:102) ~[na:1.8.0_121]
	at java.lang.reflect.AccessibleObject.slowCheckMemberAccess(AccessibleObject.java:296) ~[na:1.8.0_121]
	at java.lang.reflect.AccessibleObject.checkAccess(AccessibleObject.java:288) ~[na:1.8.0_121]
	at java.lang.reflect.Method.invoke(Method.java:491) ~[na:1.8.0_121]
	at org.evosuite.assertion.Inspector.getValue(Inspector.java:86) ~[evosuite-1.0.3.jar:1.0.3]
	at org.evosuite.coverage.io.output.OutputCoverageGoal.createGoalsFromObject(OutputCoverageGoal.java:258) ~[evosuite-1.0.3.jar:1.0.3]
	at org.evosuite.coverage.io.output.OutputObserver.afterStatement(OutputObserver.java:79) [evosuite-1.0.3.jar:1.0.3]
	at org.evosuite.testcase.execution.TestRunnable.informObservers_after(TestRunnable.java:163) [evosuite-1.0.3.jar:1.0.3]
	at org.evosuite.testcase.execution.TestRunnable.executeStatements(TestRunnable.java:361) [evosuite-1.0.3.jar:1.0.3]
	at org.evosuite.testcase.execution.TestRunnable.call(TestRunnable.java:212) [evosuite-1.0.3.jar:1.0.3]
	at org.evosuite.testcase.execution.TestRunnable.call(TestRunnable.java:55) [evosuite-1.0.3.jar:1.0.3]
	at java.util.concurrent.FutureTask.run(FutureTask.java:266) [na:1.8.0_121]
	at java.util.concurrent.ThreadPoolExecutor.runWorker(ThreadPoolExecutor.java:1142) [na:1.8.0_121]
	at java.util.concurrent.ThreadPoolExecutor$Worker.run(ThreadPoolExecutor.java:617) [na:1.8.0_121]
	at java.lang.Thread.run(Thread.java:745) [na:1.8.0_121]
[MASTER] 22:00:57.296 [TEST_EXECUTION_THREAD_0] WARN  OutputCoverageGoal - Class org.evosuite.assertion.Inspector can not access a member of class GenQueue with modifiers "public"
java.lang.IllegalAccessException: Class org.evosuite.assertion.Inspector can not access a member of class GenQueue with modifiers "public"
	at sun.reflect.Reflection.ensureMemberAccess(Reflection.java:102) ~[na:1.8.0_121]
	at java.lang.reflect.AccessibleObject.slowCheckMemberAccess(AccessibleObject.java:296) ~[na:1.8.0_121]
	at java.lang.reflect.AccessibleObject.checkAccess(AccessibleObject.java:288) ~[na:1.8.0_121]
	at java.lang.reflect.Method.invoke(Method.java:491) ~[na:1.8.0_121]
	at org.evosuite.assertion.Inspector.getValue(Inspector.java:86) ~[evosuite-1.0.3.jar:1.0.3]
	at org.evosuite.coverage.io.output.OutputCoverageGoal.createGoalsFromObject(OutputCoverageGoal.java:258) ~[evosuite-1.0.3.jar:1.0.3]
	at org.evosuite.coverage.io.output.OutputObserver.afterStatement(OutputObserver.java:79) [evosuite-1.0.3.jar:1.0.3]
	at org.evosuite.testcase.execution.TestRunnable.informObservers_after(TestRunnable.java:163) [evosuite-1.0.3.jar:1.0.3]
	at org.evosuite.testcase.execution.TestRunnable.executeStatements(TestRunnable.java:361) [evosuite-1.0.3.jar:1.0.3]
	at org.evosuite.testcase.execution.TestRunnable.call(TestRunnable.java:212) [evosuite-1.0.3.jar:1.0.3]
	at org.evosuite.testcase.execution.TestRunnable.call(TestRunnable.java:55) [evosuite-1.0.3.jar:1.0.3]
	at java.util.concurrent.FutureTask.run(FutureTask.java:266) [na:1.8.0_121]
	at java.util.concurrent.ThreadPoolExecutor.runWorker(ThreadPoolExecutor.java:1142) [na:1.8.0_121]
	at java.util.concurrent.ThreadPoolExecutor$Worker.run(ThreadPoolExecutor.java:617) [na:1.8.0_121]
	at java.lang.Thread.run(Thread.java:745) [na:1.8.0_121]
[MASTER] 22:00:57.298 [TEST_EXECUTION_THREAD_0] WARN  OutputCoverageGoal - Class org.evosuite.assertion.Inspector can not access a member of class GenQueue with modifiers "public"
java.lang.IllegalAccessException: Class org.evosuite.assertion.Inspector can not access a member of class GenQueue with modifiers "public"
	at sun.reflect.Reflection.ensureMemberAccess(Reflection.java:102) ~[na:1.8.0_121]
	at java.lang.reflect.AccessibleObject.slowCheckMemberAccess(AccessibleObject.java:296) ~[na:1.8.0_121]
	at java.lang.reflect.AccessibleObject.checkAccess(AccessibleObject.java:288) ~[na:1.8.0_121]
	at java.lang.reflect.Method.invoke(Method.java:491) ~[na:1.8.0_121]
	at org.evosuite.assertion.Inspector.getValue(Inspector.java:86) ~[evosuite-1.0.3.jar:1.0.3]
	at org.evosuite.coverage.io.output.OutputCoverageGoal.createGoalsFromObject(OutputCoverageGoal.java:258) ~[evosuite-1.0.3.jar:1.0.3]
	at org.evosuite.coverage.io.output.OutputObserver.afterStatement(OutputObserver.java:79) [evosuite-1.0.3.jar:1.0.3]
	at org.evosuite.testcase.execution.TestRunnable.informObservers_after(TestRunnable.java:163) [evosuite-1.0.3.jar:1.0.3]
	at org.evosuite.testcase.execution.TestRunnable.executeStatements(TestRunnable.java:361) [evosuite-1.0.3.jar:1.0.3]
	at org.evosuite.testcase.execution.TestRunnable.call(TestRunnable.java:212) [evosuite-1.0.3.jar:1.0.3]
	at org.evosuite.testcase.execution.TestRunnable.call(TestRunnable.java:55) [evosuite-1.0.3.jar:1.0.3]
	at java.util.concurrent.FutureTask.run(FutureTask.java:266) [na:1.8.0_121]
	at java.util.concurrent.ThreadPoolExecutor.runWorker(ThreadPoolExecutor.java:1142) [na:1.8.0_121]
	at java.util.concurrent.ThreadPoolExecutor$Worker.run(ThreadPoolExecutor.java:617) [na:1.8.0_121]
	at java.lang.Thread.run(Thread.java:745) [na:1.8.0_121]
[MASTER] 22:00:57.300 [TEST_EXECUTION_THREAD_0] WARN  OutputCoverageGoal - Class org.evosuite.assertion.Inspector can not access a member of class GenQueue with modifiers "public"
java.lang.IllegalAccessException: Class org.evosuite.assertion.Inspector can not access a member of class GenQueue with modifiers "public"
	at sun.reflect.Reflection.ensureMemberAccess(Reflection.java:102) ~[na:1.8.0_121]
	at java.lang.reflect.AccessibleObject.slowCheckMemberAccess(AccessibleObject.java:296) ~[na:1.8.0_121]
	at java.lang.reflect.AccessibleObject.checkAccess(AccessibleObject.java:288) ~[na:1.8.0_121]
	at java.lang.reflect.Method.invoke(Method.java:491) ~[na:1.8.0_121]
	at org.evosuite.assertion.Inspector.getValue(Inspector.java:86) ~[evosuite-1.0.3.jar:1.0.3]
	at org.evosuite.coverage.io.output.OutputCoverageGoal.createGoalsFromObject(OutputCoverageGoal.java:258) ~[evosuite-1.0.3.jar:1.0.3]
	at org.evosuite.coverage.io.output.OutputObserver.afterStatement(OutputObserver.java:79) [evosuite-1.0.3.jar:1.0.3]
	at org.evosuite.testcase.execution.TestRunnable.informObservers_after(TestRunnable.java:163) [evosuite-1.0.3.jar:1.0.3]
	at org.evosuite.testcase.execution.TestRunnable.executeStatements(TestRunnable.java:361) [evosuite-1.0.3.jar:1.0.3]
	at org.evosuite.testcase.execution.TestRunnable.call(TestRunnable.java:212) [evosuite-1.0.3.jar:1.0.3]
	at org.evosuite.testcase.execution.TestRunnable.call(TestRunnable.java:55) [evosuite-1.0.3.jar:1.0.3]
	at java.util.concurrent.FutureTask.run(FutureTask.java:266) [na:1.8.0_121]
	at java.util.concurrent.ThreadPoolExecutor.runWorker(ThreadPoolExecutor.java:1142) [na:1.8.0_121]
	at java.util.concurrent.ThreadPoolExecutor$Worker.run(ThreadPoolExecutor.java:617) [na:1.8.0_121]
	at java.lang.Thread.run(Thread.java:745) [na:1.8.0_121]
[MASTER] 22:00:57.302 [TEST_EXECUTION_THREAD_0] WARN  OutputCoverageGoal - Class org.evosuite.assertion.Inspector can not access a member of class GenQueue with modifiers "public"
java.lang.IllegalAccessException: Class org.evosuite.assertion.Inspector can not access a member of class GenQueue with modifiers "public"
	at sun.reflect.Reflection.ensureMemberAccess(Reflection.java:102) ~[na:1.8.0_121]
	at java.lang.reflect.AccessibleObject.slowCheckMemberAccess(AccessibleObject.java:296) ~[na:1.8.0_121]
	at java.lang.reflect.AccessibleObject.checkAccess(AccessibleObject.java:288) ~[na:1.8.0_121]
	at java.lang.reflect.Method.invoke(Method.java:491) ~[na:1.8.0_121]
	at org.evosuite.assertion.Inspector.getValue(Inspector.java:86) ~[evosuite-1.0.3.jar:1.0.3]
	at org.evosuite.coverage.io.output.OutputCoverageGoal.createGoalsFromObject(OutputCoverageGoal.java:258) ~[evosuite-1.0.3.jar:1.0.3]
	at org.evosuite.coverage.io.output.OutputObserver.afterStatement(OutputObserver.java:79) [evosuite-1.0.3.jar:1.0.3]
	at org.evosuite.testcase.execution.TestRunnable.informObservers_after(TestRunnable.java:163) [evosuite-1.0.3.jar:1.0.3]
	at org.evosuite.testcase.execution.TestRunnable.executeStatements(TestRunnable.java:361) [evosuite-1.0.3.jar:1.0.3]
	at org.evosuite.testcase.execution.TestRunnable.call(TestRunnable.java:212) [evosuite-1.0.3.jar:1.0.3]
	at org.evosuite.testcase.execution.TestRunnable.call(TestRunnable.java:55) [evosuite-1.0.3.jar:1.0.3]
	at java.util.concurrent.FutureTask.run(FutureTask.java:266) [na:1.8.0_121]
	at java.util.concurrent.ThreadPoolExecutor.runWorker(ThreadPoolExecutor.java:1142) [na:1.8.0_121]
	at java.util.concurrent.ThreadPoolExecutor$Worker.run(ThreadPoolExecutor.java:617) [na:1.8.0_121]
	at java.lang.Thread.run(Thread.java:745) [na:1.8.0_121]
[MASTER] 22:00:57.304 [TEST_EXECUTION_THREAD_0] WARN  OutputCoverageGoal - Class org.evosuite.assertion.Inspector can not access a member of class GenQueue with modifiers "public"
java.lang.IllegalAccessException: Class org.evosuite.assertion.Inspector can not access a member of class GenQueue with modifiers "public"
	at sun.reflect.Reflection.ensureMemberAccess(Reflection.java:102) ~[na:1.8.0_121]
	at java.lang.reflect.AccessibleObject.slowCheckMemberAccess(AccessibleObject.java:296) ~[na:1.8.0_121]
	at java.lang.reflect.AccessibleObject.checkAccess(AccessibleObject.java:288) ~[na:1.8.0_121]
	at java.lang.reflect.Method.invoke(Method.java:491) ~[na:1.8.0_121]
	at org.evosuite.assertion.Inspector.getValue(Inspector.java:86) ~[evosuite-1.0.3.jar:1.0.3]
	at org.evosuite.coverage.io.output.OutputCoverageGoal.createGoalsFromObject(OutputCoverageGoal.java:258) ~[evosuite-1.0.3.jar:1.0.3]
	at org.evosuite.coverage.io.output.OutputObserver.afterStatement(OutputObserver.java:79) [evosuite-1.0.3.jar:1.0.3]
	at org.evosuite.testcase.execution.TestRunnable.informObservers_after(TestRunnable.java:163) [evosuite-1.0.3.jar:1.0.3]
	at org.evosuite.testcase.execution.TestRunnable.executeStatements(TestRunnable.java:361) [evosuite-1.0.3.jar:1.0.3]
	at org.evosuite.testcase.execution.TestRunnable.call(TestRunnable.java:212) [evosuite-1.0.3.jar:1.0.3]
	at org.evosuite.testcase.execution.TestRunnable.call(TestRunnable.java:55) [evosuite-1.0.3.jar:1.0.3]
	at java.util.concurrent.FutureTask.run(FutureTask.java:266) [na:1.8.0_121]
	at java.util.concurrent.ThreadPoolExecutor.runWorker(ThreadPoolExecutor.java:1142) [na:1.8.0_121]
	at java.util.concurrent.ThreadPoolExecutor$Worker.run(ThreadPoolExecutor.java:617) [na:1.8.0_121]
	at java.lang.Thread.run(Thread.java:745) [na:1.8.0_121]
[MASTER] 22:00:57.383 [TEST_EXECUTION_THREAD_0] WARN  OutputCoverageGoal - Class org.evosuite.assertion.Inspector can not access a member of class GenQueue with modifiers "public"
java.lang.IllegalAccessException: Class org.evosuite.assertion.Inspector can not access a member of class GenQueue with modifiers "public"
	at sun.reflect.Reflection.ensureMemberAccess(Reflection.java:102) ~[na:1.8.0_121]
	at java.lang.reflect.AccessibleObject.slowCheckMemberAccess(AccessibleObject.java:296) ~[na:1.8.0_121]
	at java.lang.reflect.AccessibleObject.checkAccess(AccessibleObject.java:288) ~[na:1.8.0_121]
	at java.lang.reflect.Method.invoke(Method.java:491) ~[na:1.8.0_121]
	at org.evosuite.assertion.Inspector.getValue(Inspector.java:86) ~[evosuite-1.0.3.jar:1.0.3]
	at org.evosuite.coverage.io.output.OutputCoverageGoal.createGoalsFromObject(OutputCoverageGoal.java:258) ~[evosuite-1.0.3.jar:1.0.3]
	at org.evosuite.coverage.io.output.OutputObserver.afterStatement(OutputObserver.java:79) [evosuite-1.0.3.jar:1.0.3]
	at org.evosuite.testcase.execution.TestRunnable.informObservers_after(TestRunnable.java:163) [evosuite-1.0.3.jar:1.0.3]
	at org.evosuite.testcase.execution.TestRunnable.executeStatements(TestRunnable.java:361) [evosuite-1.0.3.jar:1.0.3]
	at org.evosuite.testcase.execution.TestRunnable.call(TestRunnable.java:212) [evosuite-1.0.3.jar:1.0.3]
	at org.evosuite.testcase.execution.TestRunnable.call(TestRunnable.java:55) [evosuite-1.0.3.jar:1.0.3]
	at java.util.concurrent.FutureTask.run(FutureTask.java:266) [na:1.8.0_121]
	at java.util.concurrent.ThreadPoolExecutor.runWorker(ThreadPoolExecutor.java:1142) [na:1.8.0_121]
	at java.util.concurrent.ThreadPoolExecutor$Worker.run(ThreadPoolExecutor.java:617) [na:1.8.0_121]
	at java.lang.Thread.run(Thread.java:745) [na:1.8.0_121]
[MASTER] 22:00:57.386 [TEST_EXECUTION_THREAD_0] WARN  OutputCoverageGoal - Class org.evosuite.assertion.Inspector can not access a member of class GenQueue with modifiers "public"
java.lang.IllegalAccessException: Class org.evosuite.assertion.Inspector can not access a member of class GenQueue with modifiers "public"
	at sun.reflect.Reflection.ensureMemberAccess(Reflection.java:102) ~[na:1.8.0_121]
	at java.lang.reflect.AccessibleObject.slowCheckMemberAccess(AccessibleObject.java:296) ~[na:1.8.0_121]
	at java.lang.reflect.AccessibleObject.checkAccess(AccessibleObject.java:288) ~[na:1.8.0_121]
	at java.lang.reflect.Method.invoke(Method.java:491) ~[na:1.8.0_121]
	at org.evosuite.assertion.Inspector.getValue(Inspector.java:86) ~[evosuite-1.0.3.jar:1.0.3]
	at org.evosuite.coverage.io.output.OutputCoverageGoal.createGoalsFromObject(OutputCoverageGoal.java:258) ~[evosuite-1.0.3.jar:1.0.3]
	at org.evosuite.coverage.io.output.OutputObserver.afterStatement(OutputObserver.java:79) [evosuite-1.0.3.jar:1.0.3]
	at org.evosuite.testcase.execution.TestRunnable.informObservers_after(TestRunnable.java:163) [evosuite-1.0.3.jar:1.0.3]
	at org.evosuite.testcase.execution.TestRunnable.executeStatements(TestRunnable.java:361) [evosuite-1.0.3.jar:1.0.3]
	at org.evosuite.testcase.execution.TestRunnable.call(TestRunnable.java:212) [evosuite-1.0.3.jar:1.0.3]
	at org.evosuite.testcase.execution.TestRunnable.call(TestRunnable.java:55) [evosuite-1.0.3.jar:1.0.3]
	at java.util.concurrent.FutureTask.run(FutureTask.java:266) [na:1.8.0_121]
	at java.util.concurrent.ThreadPoolExecutor.runWorker(ThreadPoolExecutor.java:1142) [na:1.8.0_121]
	at java.util.concurrent.ThreadPoolExecutor$Worker.run(ThreadPoolExecutor.java:617) [na:1.8.0_121]
	at java.lang.Thread.run(Thread.java:745) [na:1.8.0_121]
[MASTER] 22:00:57.389 [TEST_EXECUTION_THREAD_0] WARN  OutputCoverageGoal - Class org.evosuite.assertion.Inspector can not access a member of class GenQueue with modifiers "public"
java.lang.IllegalAccessException: Class org.evosuite.assertion.Inspector can not access a member of class GenQueue with modifiers "public"
	at sun.reflect.Reflection.ensureMemberAccess(Reflection.java:102) ~[na:1.8.0_121]
	at java.lang.reflect.AccessibleObject.slowCheckMemberAccess(AccessibleObject.java:296) ~[na:1.8.0_121]
	at java.lang.reflect.AccessibleObject.checkAccess(AccessibleObject.java:288) ~[na:1.8.0_121]
	at java.lang.reflect.Method.invoke(Method.java:491) ~[na:1.8.0_121]
	at org.evosuite.assertion.Inspector.getValue(Inspector.java:86) ~[evosuite-1.0.3.jar:1.0.3]
	at org.evosuite.coverage.io.output.OutputCoverageGoal.createGoalsFromObject(OutputCoverageGoal.java:258) ~[evosuite-1.0.3.jar:1.0.3]
	at org.evosuite.coverage.io.output.OutputObserver.afterStatement(OutputObserver.java:79) [evosuite-1.0.3.jar:1.0.3]
	at org.evosuite.testcase.execution.TestRunnable.informObservers_after(TestRunnable.java:163) [evosuite-1.0.3.jar:1.0.3]
	at org.evosuite.testcase.execution.TestRunnable.executeStatements(TestRunnable.java:361) [evosuite-1.0.3.jar:1.0.3]
	at org.evosuite.testcase.execution.TestRunnable.call(TestRunnable.java:212) [evosuite-1.0.3.jar:1.0.3]
	at org.evosuite.testcase.execution.TestRunnable.call(TestRunnable.java:55) [evosuite-1.0.3.jar:1.0.3]
	at java.util.concurrent.FutureTask.run(FutureTask.java:266) [na:1.8.0_121]
	at java.util.concurrent.ThreadPoolExecutor.runWorker(ThreadPoolExecutor.java:1142) [na:1.8.0_121]
	at java.util.concurrent.ThreadPoolExecutor$Worker.run(ThreadPoolExecutor.java:617) [na:1.8.0_121]
	at java.lang.Thread.run(Thread.java:745) [na:1.8.0_121]
[MASTER] 22:00:57.393 [TEST_EXECUTION_THREAD_0] WARN  OutputCoverageGoal - Class org.evosuite.assertion.Inspector can not access a member of class GenQueue with modifiers "public"
java.lang.IllegalAccessException: Class org.evosuite.assertion.Inspector can not access a member of class GenQueue with modifiers "public"
	at sun.reflect.Reflection.ensureMemberAccess(Reflection.java:102) ~[na:1.8.0_121]
	at java.lang.reflect.AccessibleObject.slowCheckMemberAccess(AccessibleObject.java:296) ~[na:1.8.0_121]
	at java.lang.reflect.AccessibleObject.checkAccess(AccessibleObject.java:288) ~[na:1.8.0_121]
	at java.lang.reflect.Method.invoke(Method.java:491) ~[na:1.8.0_121]
	at org.evosuite.assertion.Inspector.getValue(Inspector.java:86) ~[evosuite-1.0.3.jar:1.0.3]
	at org.evosuite.coverage.io.output.OutputCoverageGoal.createGoalsFromObject(OutputCoverageGoal.java:258) ~[evosuite-1.0.3.jar:1.0.3]
	at org.evosuite.coverage.io.output.OutputObserver.afterStatement(OutputObserver.java:79) [evosuite-1.0.3.jar:1.0.3]
	at org.evosuite.testcase.execution.TestRunnable.informObservers_after(TestRunnable.java:163) [evosuite-1.0.3.jar:1.0.3]
	at org.evosuite.testcase.execution.TestRunnable.executeStatements(TestRunnable.java:361) [evosuite-1.0.3.jar:1.0.3]
	at org.evosuite.testcase.execution.TestRunnable.call(TestRunnable.java:212) [evosuite-1.0.3.jar:1.0.3]
	at org.evosuite.testcase.execution.TestRunnable.call(TestRunnable.java:55) [evosuite-1.0.3.jar:1.0.3]
	at java.util.concurrent.FutureTask.run(FutureTask.java:266) [na:1.8.0_121]
	at java.util.concurrent.ThreadPoolExecutor.runWorker(ThreadPoolExecutor.java:1142) [na:1.8.0_121]
	at java.util.concurrent.ThreadPoolExecutor$Worker.run(ThreadPoolExecutor.java:617) [na:1.8.0_121]
	at java.lang.Thread.run(Thread.java:745) [na:1.8.0_121]
[MASTER] 22:00:57.396 [TEST_EXECUTION_THREAD_0] WARN  OutputCoverageGoal - Class org.evosuite.assertion.Inspector can not access a member of class GenQueue with modifiers "public"
java.lang.IllegalAccessException: Class org.evosuite.assertion.Inspector can not access a member of class GenQueue with modifiers "public"
	at sun.reflect.Reflection.ensureMemberAccess(Reflection.java:102) ~[na:1.8.0_121]
	at java.lang.reflect.AccessibleObject.slowCheckMemberAccess(AccessibleObject.java:296) ~[na:1.8.0_121]
	at java.lang.reflect.AccessibleObject.checkAccess(AccessibleObject.java:288) ~[na:1.8.0_121]
	at java.lang.reflect.Method.invoke(Method.java:491) ~[na:1.8.0_121]
	at org.evosuite.assertion.Inspector.getValue(Inspector.java:86) ~[evosuite-1.0.3.jar:1.0.3]
	at org.evosuite.coverage.io.output.OutputCoverageGoal.createGoalsFromObject(OutputCoverageGoal.java:258) ~[evosuite-1.0.3.jar:1.0.3]
	at org.evosuite.coverage.io.output.OutputObserver.afterStatement(OutputObserver.java:79) [evosuite-1.0.3.jar:1.0.3]
	at org.evosuite.testcase.execution.TestRunnable.informObservers_after(TestRunnable.java:163) [evosuite-1.0.3.jar:1.0.3]
	at org.evosuite.testcase.execution.TestRunnable.executeStatements(TestRunnable.java:361) [evosuite-1.0.3.jar:1.0.3]
	at org.evosuite.testcase.execution.TestRunnable.call(TestRunnable.java:212) [evosuite-1.0.3.jar:1.0.3]
	at org.evosuite.testcase.execution.TestRunnable.call(TestRunnable.java:55) [evosuite-1.0.3.jar:1.0.3]
	at java.util.concurrent.FutureTask.run(FutureTask.java:266) [na:1.8.0_121]
	at java.util.concurrent.ThreadPoolExecutor.runWorker(ThreadPoolExecutor.java:1142) [na:1.8.0_121]
	at java.util.concurrent.ThreadPoolExecutor$Worker.run(ThreadPoolExecutor.java:617) [na:1.8.0_121]
	at java.lang.Thread.run(Thread.java:745) [na:1.8.0_121]
[MASTER] 22:00:57.400 [TEST_EXECUTION_THREAD_0] WARN  OutputCoverageGoal - Class org.evosuite.assertion.Inspector can not access a member of class GenQueue with modifiers "public"
java.lang.IllegalAccessException: Class org.evosuite.assertion.Inspector can not access a member of class GenQueue with modifiers "public"
	at sun.reflect.Reflection.ensureMemberAccess(Reflection.java:102) ~[na:1.8.0_121]
	at java.lang.reflect.AccessibleObject.slowCheckMemberAccess(AccessibleObject.java:296) ~[na:1.8.0_121]
	at java.lang.reflect.AccessibleObject.checkAccess(AccessibleObject.java:288) ~[na:1.8.0_121]
	at java.lang.reflect.Method.invoke(Method.java:491) ~[na:1.8.0_121]
	at org.evosuite.assertion.Inspector.getValue(Inspector.java:86) ~[evosuite-1.0.3.jar:1.0.3]
	at org.evosuite.coverage.io.output.OutputCoverageGoal.createGoalsFromObject(OutputCoverageGoal.java:258) ~[evosuite-1.0.3.jar:1.0.3]
	at org.evosuite.coverage.io.output.OutputObserver.afterStatement(OutputObserver.java:79) [evosuite-1.0.3.jar:1.0.3]
	at org.evosuite.testcase.execution.TestRunnable.informObservers_after(TestRunnable.java:163) [evosuite-1.0.3.jar:1.0.3]
	at org.evosuite.testcase.execution.TestRunnable.executeStatements(TestRunnable.java:361) [evosuite-1.0.3.jar:1.0.3]
	at org.evosuite.testcase.execution.TestRunnable.call(TestRunnable.java:212) [evosuite-1.0.3.jar:1.0.3]
	at org.evosuite.testcase.execution.TestRunnable.call(TestRunnable.java:55) [evosuite-1.0.3.jar:1.0.3]
	at java.util.concurrent.FutureTask.run(FutureTask.java:266) [na:1.8.0_121]
	at java.util.concurrent.ThreadPoolExecutor.runWorker(ThreadPoolExecutor.java:1142) [na:1.8.0_121]
	at java.util.concurrent.ThreadPoolExecutor$Worker.run(ThreadPoolExecutor.java:617) [na:1.8.0_121]
	at java.lang.Thread.run(Thread.java:745) [na:1.8.0_121]
[MASTER] 22:00:57.404 [TEST_EXECUTION_THREAD_0] WARN  OutputCoverageGoal - Class org.evosuite.assertion.Inspector can not access a member of class GenQueue with modifiers "public"
java.lang.IllegalAccessException: Class org.evosuite.assertion.Inspector can not access a member of class GenQueue with modifiers "public"
	at sun.reflect.Reflection.ensureMemberAccess(Reflection.java:102) ~[na:1.8.0_121]
	at java.lang.reflect.AccessibleObject.slowCheckMemberAccess(AccessibleObject.java:296) ~[na:1.8.0_121]
	at java.lang.reflect.AccessibleObject.checkAccess(AccessibleObject.java:288) ~[na:1.8.0_121]
	at java.lang.reflect.Method.invoke(Method.java:491) ~[na:1.8.0_121]
	at org.evosuite.assertion.Inspector.getValue(Inspector.java:86) ~[evosuite-1.0.3.jar:1.0.3]
	at org.evosuite.coverage.io.output.OutputCoverageGoal.createGoalsFromObject(OutputCoverageGoal.java:258) ~[evosuite-1.0.3.jar:1.0.3]
	at org.evosuite.coverage.io.output.OutputObserver.afterStatement(OutputObserver.java:79) [evosuite-1.0.3.jar:1.0.3]
	at org.evosuite.testcase.execution.TestRunnable.informObservers_after(TestRunnable.java:163) [evosuite-1.0.3.jar:1.0.3]
	at org.evosuite.testcase.execution.TestRunnable.executeStatements(TestRunnable.java:361) [evosuite-1.0.3.jar:1.0.3]
	at org.evosuite.testcase.execution.TestRunnable.call(TestRunnable.java:212) [evosuite-1.0.3.jar:1.0.3]
	at org.evosuite.testcase.execution.TestRunnable.call(TestRunnable.java:55) [evosuite-1.0.3.jar:1.0.3]
	at java.util.concurrent.FutureTask.run(FutureTask.java:266) [na:1.8.0_121]
	at java.util.concurrent.ThreadPoolExecutor.runWorker(ThreadPoolExecutor.java:1142) [na:1.8.0_121]
	at java.util.concurrent.ThreadPoolExecutor$Worker.run(ThreadPoolExecutor.java:617) [na:1.8.0_121]
	at java.lang.Thread.run(Thread.java:745) [na:1.8.0_121]
[MASTER] 22:00:57.406 [TEST_EXECUTION_THREAD_0] WARN  OutputCoverageGoal - Class org.evosuite.assertion.Inspector can not access a member of class GenQueue with modifiers "public"
java.lang.IllegalAccessException: Class org.evosuite.assertion.Inspector can not access a member of class GenQueue with modifiers "public"
	at sun.reflect.Reflection.ensureMemberAccess(Reflection.java:102) ~[na:1.8.0_121]
	at java.lang.reflect.AccessibleObject.slowCheckMemberAccess(AccessibleObject.java:296) ~[na:1.8.0_121]
	at java.lang.reflect.AccessibleObject.checkAccess(AccessibleObject.java:288) ~[na:1.8.0_121]
	at java.lang.reflect.Method.invoke(Method.java:491) ~[na:1.8.0_121]
	at org.evosuite.assertion.Inspector.getValue(Inspector.java:86) ~[evosuite-1.0.3.jar:1.0.3]
	at org.evosuite.coverage.io.output.OutputCoverageGoal.createGoalsFromObject(OutputCoverageGoal.java:258) ~[evosuite-1.0.3.jar:1.0.3]
	at org.evosuite.coverage.io.output.OutputObserver.afterStatement(OutputObserver.java:79) [evosuite-1.0.3.jar:1.0.3]
	at org.evosuite.testcase.execution.TestRunnable.informObservers_after(TestRunnable.java:163) [evosuite-1.0.3.jar:1.0.3]
	at org.evosuite.testcase.execution.TestRunnable.executeStatements(TestRunnable.java:361) [evosuite-1.0.3.jar:1.0.3]
	at org.evosuite.testcase.execution.TestRunnable.call(TestRunnable.java:212) [evosuite-1.0.3.jar:1.0.3]
	at org.evosuite.testcase.execution.TestRunnable.call(TestRunnable.java:55) [evosuite-1.0.3.jar:1.0.3]
	at java.util.concurrent.FutureTask.run(FutureTask.java:266) [na:1.8.0_121]
	at java.util.concurrent.ThreadPoolExecutor.runWorker(ThreadPoolExecutor.java:1142) [na:1.8.0_121]
	at java.util.concurrent.ThreadPoolExecutor$Worker.run(ThreadPoolExecutor.java:617) [na:1.8.0_121]
	at java.lang.Thread.run(Thread.java:745) [na:1.8.0_121]
[MASTER] 22:00:57.408 [TEST_EXECUTION_THREAD_0] WARN  OutputCoverageGoal - Class org.evosuite.assertion.Inspector can not access a member of class GenQueue with modifiers "public"
java.lang.IllegalAccessException: Class org.evosuite.assertion.Inspector can not access a member of class GenQueue with modifiers "public"
	at sun.reflect.Reflection.ensureMemberAccess(Reflection.java:102) ~[na:1.8.0_121]
	at java.lang.reflect.AccessibleObject.slowCheckMemberAccess(AccessibleObject.java:296) ~[na:1.8.0_121]
	at java.lang.reflect.AccessibleObject.checkAccess(AccessibleObject.java:288) ~[na:1.8.0_121]
	at java.lang.reflect.Method.invoke(Method.java:491) ~[na:1.8.0_121]
	at org.evosuite.assertion.Inspector.getValue(Inspector.java:86) ~[evosuite-1.0.3.jar:1.0.3]
	at org.evosuite.coverage.io.output.OutputCoverageGoal.createGoalsFromObject(OutputCoverageGoal.java:258) ~[evosuite-1.0.3.jar:1.0.3]
	at org.evosuite.coverage.io.output.OutputObserver.afterStatement(OutputObserver.java:79) [evosuite-1.0.3.jar:1.0.3]
	at org.evosuite.testcase.execution.TestRunnable.informObservers_after(TestRunnable.java:163) [evosuite-1.0.3.jar:1.0.3]
	at org.evosuite.testcase.execution.TestRunnable.executeStatements(TestRunnable.java:361) [evosuite-1.0.3.jar:1.0.3]
	at org.evosuite.testcase.execution.TestRunnable.call(TestRunnable.java:212) [evosuite-1.0.3.jar:1.0.3]
	at org.evosuite.testcase.execution.TestRunnable.call(TestRunnable.java:55) [evosuite-1.0.3.jar:1.0.3]
	at java.util.concurrent.FutureTask.run(FutureTask.java:266) [na:1.8.0_121]
	at java.util.concurrent.ThreadPoolExecutor.runWorker(ThreadPoolExecutor.java:1142) [na:1.8.0_121]
	at java.util.concurrent.ThreadPoolExecutor$Worker.run(ThreadPoolExecutor.java:617) [na:1.8.0_121]
	at java.lang.Thread.run(Thread.java:745) [na:1.8.0_121]
[MASTER] 22:00:57.411 [TEST_EXECUTION_THREAD_0] WARN  OutputCoverageGoal - Class org.evosuite.assertion.Inspector can not access a member of class GenQueue with modifiers "public"
java.lang.IllegalAccessException: Class org.evosuite.assertion.Inspector can not access a member of class GenQueue with modifiers "public"
	at sun.reflect.Reflection.ensureMemberAccess(Reflection.java:102) ~[na:1.8.0_121]
	at java.lang.reflect.AccessibleObject.slowCheckMemberAccess(AccessibleObject.java:296) ~[na:1.8.0_121]
	at java.lang.reflect.AccessibleObject.checkAccess(AccessibleObject.java:288) ~[na:1.8.0_121]
	at java.lang.reflect.Method.invoke(Method.java:491) ~[na:1.8.0_121]
	at org.evosuite.assertion.Inspector.getValue(Inspector.java:86) ~[evosuite-1.0.3.jar:1.0.3]
	at org.evosuite.coverage.io.output.OutputCoverageGoal.createGoalsFromObject(OutputCoverageGoal.java:258) ~[evosuite-1.0.3.jar:1.0.3]
	at org.evosuite.coverage.io.output.OutputObserver.afterStatement(OutputObserver.java:79) [evosuite-1.0.3.jar:1.0.3]
	at org.evosuite.testcase.execution.TestRunnable.informObservers_after(TestRunnable.java:163) [evosuite-1.0.3.jar:1.0.3]
	at org.evosuite.testcase.execution.TestRunnable.executeStatements(TestRunnable.java:361) [evosuite-1.0.3.jar:1.0.3]
	at org.evosuite.testcase.execution.TestRunnable.call(TestRunnable.java:212) [evosuite-1.0.3.jar:1.0.3]
	at org.evosuite.testcase.execution.TestRunnable.call(TestRunnable.java:55) [evosuite-1.0.3.jar:1.0.3]
	at java.util.concurrent.FutureTask.run(FutureTask.java:266) [na:1.8.0_121]
	at java.util.concurrent.ThreadPoolExecutor.runWorker(ThreadPoolExecutor.java:1142) [na:1.8.0_121]
	at java.util.concurrent.ThreadPoolExecutor$Worker.run(ThreadPoolExecutor.java:617) [na:1.8.0_121]
	at java.lang.Thread.run(Thread.java:745) [na:1.8.0_121]
[MASTER] 22:00:58.323 [TEST_EXECUTION_THREAD_0] WARN  OutputCoverageGoal - Class org.evosuite.assertion.Inspector can not access a member of class GenQueue with modifiers "public"
java.lang.IllegalAccessException: Class org.evosuite.assertion.Inspector can not access a member of class GenQueue with modifiers "public"
	at sun.reflect.Reflection.ensureMemberAccess(Reflection.java:102) ~[na:1.8.0_121]
	at java.lang.reflect.AccessibleObject.slowCheckMemberAccess(AccessibleObject.java:296) ~[na:1.8.0_121]
	at java.lang.reflect.AccessibleObject.checkAccess(AccessibleObject.java:288) ~[na:1.8.0_121]
	at java.lang.reflect.Method.invoke(Method.java:491) ~[na:1.8.0_121]
	at org.evosuite.assertion.Inspector.getValue(Inspector.java:86) ~[evosuite-1.0.3.jar:1.0.3]
	at org.evosuite.coverage.io.output.OutputCoverageGoal.createGoalsFromObject(OutputCoverageGoal.java:258) ~[evosuite-1.0.3.jar:1.0.3]
	at org.evosuite.coverage.io.output.OutputObserver.afterStatement(OutputObserver.java:79) [evosuite-1.0.3.jar:1.0.3]
	at org.evosuite.testcase.execution.TestRunnable.informObservers_after(TestRunnable.java:163) [evosuite-1.0.3.jar:1.0.3]
	at org.evosuite.testcase.execution.TestRunnable.executeStatements(TestRunnable.java:361) [evosuite-1.0.3.jar:1.0.3]
	at org.evosuite.testcase.execution.TestRunnable.call(TestRunnable.java:212) [evosuite-1.0.3.jar:1.0.3]
	at org.evosuite.testcase.execution.TestRunnable.call(TestRunnable.java:55) [evosuite-1.0.3.jar:1.0.3]
	at java.util.concurrent.FutureTask.run(FutureTask.java:266) [na:1.8.0_121]
	at java.util.concurrent.ThreadPoolExecutor.runWorker(ThreadPoolExecutor.java:1142) [na:1.8.0_121]
	at java.util.concurrent.ThreadPoolExecutor$Worker.run(ThreadPoolExecutor.java:617) [na:1.8.0_121]
	at java.lang.Thread.run(Thread.java:745) [na:1.8.0_121]
[MASTER] 22:00:58.325 [TEST_EXECUTION_THREAD_0] WARN  OutputCoverageGoal - Class org.evosuite.assertion.Inspector can not access a member of class GenQueue with modifiers "public"
java.lang.IllegalAccessException: Class org.evosuite.assertion.Inspector can not access a member of class GenQueue with modifiers "public"
	at sun.reflect.Reflection.ensureMemberAccess(Reflection.java:102) ~[na:1.8.0_121]
	at java.lang.reflect.AccessibleObject.slowCheckMemberAccess(AccessibleObject.java:296) ~[na:1.8.0_121]
	at java.lang.reflect.AccessibleObject.checkAccess(AccessibleObject.java:288) ~[na:1.8.0_121]
	at java.lang.reflect.Method.invoke(Method.java:491) ~[na:1.8.0_121]
	at org.evosuite.assertion.Inspector.getValue(Inspector.java:86) ~[evosuite-1.0.3.jar:1.0.3]
	at org.evosuite.coverage.io.output.OutputCoverageGoal.createGoalsFromObject(OutputCoverageGoal.java:258) ~[evosuite-1.0.3.jar:1.0.3]
	at org.evosuite.coverage.io.output.OutputObserver.afterStatement(OutputObserver.java:79) [evosuite-1.0.3.jar:1.0.3]
	at org.evosuite.testcase.execution.TestRunnable.informObservers_after(TestRunnable.java:163) [evosuite-1.0.3.jar:1.0.3]
	at org.evosuite.testcase.execution.TestRunnable.executeStatements(TestRunnable.java:361) [evosuite-1.0.3.jar:1.0.3]
	at org.evosuite.testcase.execution.TestRunnable.call(TestRunnable.java:212) [evosuite-1.0.3.jar:1.0.3]
	at org.evosuite.testcase.execution.TestRunnable.call(TestRunnable.java:55) [evosuite-1.0.3.jar:1.0.3]
	at java.util.concurrent.FutureTask.run(FutureTask.java:266) [na:1.8.0_121]
	at java.util.concurrent.ThreadPoolExecutor.runWorker(ThreadPoolExecutor.java:1142) [na:1.8.0_121]
	at java.util.concurrent.ThreadPoolExecutor$Worker.run(ThreadPoolExecutor.java:617) [na:1.8.0_121]
	at java.lang.Thread.run(Thread.java:745) [na:1.8.0_121]
[MASTER] 22:00:58.327 [TEST_EXECUTION_THREAD_0] WARN  OutputCoverageGoal - Class org.evosuite.assertion.Inspector can not access a member of class GenQueue with modifiers "public"
java.lang.IllegalAccessException: Class org.evosuite.assertion.Inspector can not access a member of class GenQueue with modifiers "public"
	at sun.reflect.Reflection.ensureMemberAccess(Reflection.java:102) ~[na:1.8.0_121]
	at java.lang.reflect.AccessibleObject.slowCheckMemberAccess(AccessibleObject.java:296) ~[na:1.8.0_121]
	at java.lang.reflect.AccessibleObject.checkAccess(AccessibleObject.java:288) ~[na:1.8.0_121]
	at java.lang.reflect.Method.invoke(Method.java:491) ~[na:1.8.0_121]
	at org.evosuite.assertion.Inspector.getValue(Inspector.java:86) ~[evosuite-1.0.3.jar:1.0.3]
	at org.evosuite.coverage.io.output.OutputCoverageGoal.createGoalsFromObject(OutputCoverageGoal.java:258) ~[evosuite-1.0.3.jar:1.0.3]
	at org.evosuite.coverage.io.output.OutputObserver.afterStatement(OutputObserver.java:79) [evosuite-1.0.3.jar:1.0.3]
	at org.evosuite.testcase.execution.TestRunnable.informObservers_after(TestRunnable.java:163) [evosuite-1.0.3.jar:1.0.3]
	at org.evosuite.testcase.execution.TestRunnable.executeStatements(TestRunnable.java:361) [evosuite-1.0.3.jar:1.0.3]
	at org.evosuite.testcase.execution.TestRunnable.call(TestRunnable.java:212) [evosuite-1.0.3.jar:1.0.3]
	at org.evosuite.testcase.execution.TestRunnable.call(TestRunnable.java:55) [evosuite-1.0.3.jar:1.0.3]
	at java.util.concurrent.FutureTask.run(FutureTask.java:266) [na:1.8.0_121]
	at java.util.concurrent.ThreadPoolExecutor.runWorker(ThreadPoolExecutor.java:1142) [na:1.8.0_121]
	at java.util.concurrent.ThreadPoolExecutor$Worker.run(ThreadPoolExecutor.java:617) [na:1.8.0_121]
	at java.lang.Thread.run(Thread.java:745) [na:1.8.0_121]
[MASTER] 22:00:58.329 [TEST_EXECUTION_THREAD_0] WARN  OutputCoverageGoal - Class org.evosuite.assertion.Inspector can not access a member of class GenQueue with modifiers "public"
java.lang.IllegalAccessException: Class org.evosuite.assertion.Inspector can not access a member of class GenQueue with modifiers "public"
	at sun.reflect.Reflection.ensureMemberAccess(Reflection.java:102) ~[na:1.8.0_121]
	at java.lang.reflect.AccessibleObject.slowCheckMemberAccess(AccessibleObject.java:296) ~[na:1.8.0_121]
	at java.lang.reflect.AccessibleObject.checkAccess(AccessibleObject.java:288) ~[na:1.8.0_121]
	at java.lang.reflect.Method.invoke(Method.java:491) ~[na:1.8.0_121]
	at org.evosuite.assertion.Inspector.getValue(Inspector.java:86) ~[evosuite-1.0.3.jar:1.0.3]
	at org.evosuite.coverage.io.output.OutputCoverageGoal.createGoalsFromObject(OutputCoverageGoal.java:258) ~[evosuite-1.0.3.jar:1.0.3]
	at org.evosuite.coverage.io.output.OutputObserver.afterStatement(OutputObserver.java:79) [evosuite-1.0.3.jar:1.0.3]
	at org.evosuite.testcase.execution.TestRunnable.informObservers_after(TestRunnable.java:163) [evosuite-1.0.3.jar:1.0.3]
	at org.evosuite.testcase.execution.TestRunnable.executeStatements(TestRunnable.java:361) [evosuite-1.0.3.jar:1.0.3]
	at org.evosuite.testcase.execution.TestRunnable.call(TestRunnable.java:212) [evosuite-1.0.3.jar:1.0.3]
	at org.evosuite.testcase.execution.TestRunnable.call(TestRunnable.java:55) [evosuite-1.0.3.jar:1.0.3]
	at java.util.concurrent.FutureTask.run(FutureTask.java:266) [na:1.8.0_121]
	at java.util.concurrent.ThreadPoolExecutor.runWorker(ThreadPoolExecutor.java:1142) [na:1.8.0_121]
	at java.util.concurrent.ThreadPoolExecutor$Worker.run(ThreadPoolExecutor.java:617) [na:1.8.0_121]
	at java.lang.Thread.run(Thread.java:745) [na:1.8.0_121]
[MASTER] 22:00:58.331 [TEST_EXECUTION_THREAD_0] WARN  OutputCoverageGoal - Class org.evosuite.assertion.Inspector can not access a member of class GenQueue with modifiers "public"
java.lang.IllegalAccessException: Class org.evosuite.assertion.Inspector can not access a member of class GenQueue with modifiers "public"
	at sun.reflect.Reflection.ensureMemberAccess(Reflection.java:102) ~[na:1.8.0_121]
	at java.lang.reflect.AccessibleObject.slowCheckMemberAccess(AccessibleObject.java:296) ~[na:1.8.0_121]
	at java.lang.reflect.AccessibleObject.checkAccess(AccessibleObject.java:288) ~[na:1.8.0_121]
	at java.lang.reflect.Method.invoke(Method.java:491) ~[na:1.8.0_121]
	at org.evosuite.assertion.Inspector.getValue(Inspector.java:86) ~[evosuite-1.0.3.jar:1.0.3]
	at org.evosuite.coverage.io.output.OutputCoverageGoal.createGoalsFromObject(OutputCoverageGoal.java:258) ~[evosuite-1.0.3.jar:1.0.3]
	at org.evosuite.coverage.io.output.OutputObserver.afterStatement(OutputObserver.java:79) [evosuite-1.0.3.jar:1.0.3]
	at org.evosuite.testcase.execution.TestRunnable.informObservers_after(TestRunnable.java:163) [evosuite-1.0.3.jar:1.0.3]
	at org.evosuite.testcase.execution.TestRunnable.executeStatements(TestRunnable.java:361) [evosuite-1.0.3.jar:1.0.3]
	at org.evosuite.testcase.execution.TestRunnable.call(TestRunnable.java:212) [evosuite-1.0.3.jar:1.0.3]
	at org.evosuite.testcase.execution.TestRunnable.call(TestRunnable.java:55) [evosuite-1.0.3.jar:1.0.3]
	at java.util.concurrent.FutureTask.run(FutureTask.java:266) [na:1.8.0_121]
	at java.util.concurrent.ThreadPoolExecutor.runWorker(ThreadPoolExecutor.java:1142) [na:1.8.0_121]
	at java.util.concurrent.ThreadPoolExecutor$Worker.run(ThreadPoolExecutor.java:617) [na:1.8.0_121]
	at java.lang.Thread.run(Thread.java:745) [na:1.8.0_121]
[MASTER] 22:00:58.332 [TEST_EXECUTION_THREAD_0] WARN  OutputCoverageGoal - Class org.evosuite.assertion.Inspector can not access a member of class GenQueue with modifiers "public"
java.lang.IllegalAccessException: Class org.evosuite.assertion.Inspector can not access a member of class GenQueue with modifiers "public"
	at sun.reflect.Reflection.ensureMemberAccess(Reflection.java:102) ~[na:1.8.0_121]
	at java.lang.reflect.AccessibleObject.slowCheckMemberAccess(AccessibleObject.java:296) ~[na:1.8.0_121]
	at java.lang.reflect.AccessibleObject.checkAccess(AccessibleObject.java:288) ~[na:1.8.0_121]
	at java.lang.reflect.Method.invoke(Method.java:491) ~[na:1.8.0_121]
	at org.evosuite.assertion.Inspector.getValue(Inspector.java:86) ~[evosuite-1.0.3.jar:1.0.3]
	at org.evosuite.coverage.io.output.OutputCoverageGoal.createGoalsFromObject(OutputCoverageGoal.java:258) ~[evosuite-1.0.3.jar:1.0.3]
	at org.evosuite.coverage.io.output.OutputObserver.afterStatement(OutputObserver.java:79) [evosuite-1.0.3.jar:1.0.3]
	at org.evosuite.testcase.execution.TestRunnable.informObservers_after(TestRunnable.java:163) [evosuite-1.0.3.jar:1.0.3]
	at org.evosuite.testcase.execution.TestRunnable.executeStatements(TestRunnable.java:361) [evosuite-1.0.3.jar:1.0.3]
	at org.evosuite.testcase.execution.TestRunnable.call(TestRunnable.java:212) [evosuite-1.0.3.jar:1.0.3]
	at org.evosuite.testcase.execution.TestRunnable.call(TestRunnable.java:55) [evosuite-1.0.3.jar:1.0.3]
	at java.util.concurrent.FutureTask.run(FutureTask.java:266) [na:1.8.0_121]
	at java.util.concurrent.ThreadPoolExecutor.runWorker(ThreadPoolExecutor.java:1142) [na:1.8.0_121]
	at java.util.concurrent.ThreadPoolExecutor$Worker.run(ThreadPoolExecutor.java:617) [na:1.8.0_121]
	at java.lang.Thread.run(Thread.java:745) [na:1.8.0_121]
[MASTER] 22:00:58.334 [TEST_EXECUTION_THREAD_0] WARN  OutputCoverageGoal - Class org.evosuite.assertion.Inspector can not access a member of class GenQueue with modifiers "public"
java.lang.IllegalAccessException: Class org.evosuite.assertion.Inspector can not access a member of class GenQueue with modifiers "public"
	at sun.reflect.Reflection.ensureMemberAccess(Reflection.java:102) ~[na:1.8.0_121]
	at java.lang.reflect.AccessibleObject.slowCheckMemberAccess(AccessibleObject.java:296) ~[na:1.8.0_121]
	at java.lang.reflect.AccessibleObject.checkAccess(AccessibleObject.java:288) ~[na:1.8.0_121]
	at java.lang.reflect.Method.invoke(Method.java:491) ~[na:1.8.0_121]
	at org.evosuite.assertion.Inspector.getValue(Inspector.java:86) ~[evosuite-1.0.3.jar:1.0.3]
	at org.evosuite.coverage.io.output.OutputCoverageGoal.createGoalsFromObject(OutputCoverageGoal.java:258) ~[evosuite-1.0.3.jar:1.0.3]
	at org.evosuite.coverage.io.output.OutputObserver.afterStatement(OutputObserver.java:79) [evosuite-1.0.3.jar:1.0.3]
	at org.evosuite.testcase.execution.TestRunnable.informObservers_after(TestRunnable.java:163) [evosuite-1.0.3.jar:1.0.3]
	at org.evosuite.testcase.execution.TestRunnable.executeStatements(TestRunnable.java:361) [evosuite-1.0.3.jar:1.0.3]
	at org.evosuite.testcase.execution.TestRunnable.call(TestRunnable.java:212) [evosuite-1.0.3.jar:1.0.3]
	at org.evosuite.testcase.execution.TestRunnable.call(TestRunnable.java:55) [evosuite-1.0.3.jar:1.0.3]
	at java.util.concurrent.FutureTask.run(FutureTask.java:266) [na:1.8.0_121]
	at java.util.concurrent.ThreadPoolExecutor.runWorker(ThreadPoolExecutor.java:1142) [na:1.8.0_121]
	at java.util.concurrent.ThreadPoolExecutor$Worker.run(ThreadPoolExecutor.java:617) [na:1.8.0_121]
	at java.lang.Thread.run(Thread.java:745) [na:1.8.0_121]
[MASTER] 22:00:58.336 [TEST_EXECUTION_THREAD_0] WARN  OutputCoverageGoal - Class org.evosuite.assertion.Inspector can not access a member of class GenQueue with modifiers "public"
java.lang.IllegalAccessException: Class org.evosuite.assertion.Inspector can not access a member of class GenQueue with modifiers "public"
	at sun.reflect.Reflection.ensureMemberAccess(Reflection.java:102) ~[na:1.8.0_121]
	at java.lang.reflect.AccessibleObject.slowCheckMemberAccess(AccessibleObject.java:296) ~[na:1.8.0_121]
	at java.lang.reflect.AccessibleObject.checkAccess(AccessibleObject.java:288) ~[na:1.8.0_121]
	at java.lang.reflect.Method.invoke(Method.java:491) ~[na:1.8.0_121]
	at org.evosuite.assertion.Inspector.getValue(Inspector.java:86) ~[evosuite-1.0.3.jar:1.0.3]
	at org.evosuite.coverage.io.output.OutputCoverageGoal.createGoalsFromObject(OutputCoverageGoal.java:258) ~[evosuite-1.0.3.jar:1.0.3]
	at org.evosuite.coverage.io.output.OutputObserver.afterStatement(OutputObserver.java:79) [evosuite-1.0.3.jar:1.0.3]
	at org.evosuite.testcase.execution.TestRunnable.informObservers_after(TestRunnable.java:163) [evosuite-1.0.3.jar:1.0.3]
	at org.evosuite.testcase.execution.TestRunnable.executeStatements(TestRunnable.java:361) [evosuite-1.0.3.jar:1.0.3]
	at org.evosuite.testcase.execution.TestRunnable.call(TestRunnable.java:212) [evosuite-1.0.3.jar:1.0.3]
	at org.evosuite.testcase.execution.TestRunnable.call(TestRunnable.java:55) [evosuite-1.0.3.jar:1.0.3]
	at java.util.concurrent.FutureTask.run(FutureTask.java:266) [na:1.8.0_121]
	at java.util.concurrent.ThreadPoolExecutor.runWorker(ThreadPoolExecutor.java:1142) [na:1.8.0_121]
	at java.util.concurrent.ThreadPoolExecutor$Worker.run(ThreadPoolExecutor.java:617) [na:1.8.0_121]
	at java.lang.Thread.run(Thread.java:745) [na:1.8.0_121]
[MASTER] 22:00:58.337 [TEST_EXECUTION_THREAD_0] WARN  OutputCoverageGoal - Class org.evosuite.assertion.Inspector can not access a member of class GenQueue with modifiers "public"
java.lang.IllegalAccessException: Class org.evosuite.assertion.Inspector can not access a member of class GenQueue with modifiers "public"
	at sun.reflect.Reflection.ensureMemberAccess(Reflection.java:102) ~[na:1.8.0_121]
	at java.lang.reflect.AccessibleObject.slowCheckMemberAccess(AccessibleObject.java:296) ~[na:1.8.0_121]
	at java.lang.reflect.AccessibleObject.checkAccess(AccessibleObject.java:288) ~[na:1.8.0_121]
	at java.lang.reflect.Method.invoke(Method.java:491) ~[na:1.8.0_121]
	at org.evosuite.assertion.Inspector.getValue(Inspector.java:86) ~[evosuite-1.0.3.jar:1.0.3]
	at org.evosuite.coverage.io.output.OutputCoverageGoal.createGoalsFromObject(OutputCoverageGoal.java:258) ~[evosuite-1.0.3.jar:1.0.3]
	at org.evosuite.coverage.io.output.OutputObserver.afterStatement(OutputObserver.java:79) [evosuite-1.0.3.jar:1.0.3]
	at org.evosuite.testcase.execution.TestRunnable.informObservers_after(TestRunnable.java:163) [evosuite-1.0.3.jar:1.0.3]
	at org.evosuite.testcase.execution.TestRunnable.executeStatements(TestRunnable.java:361) [evosuite-1.0.3.jar:1.0.3]
	at org.evosuite.testcase.execution.TestRunnable.call(TestRunnable.java:212) [evosuite-1.0.3.jar:1.0.3]
	at org.evosuite.testcase.execution.TestRunnable.call(TestRunnable.java:55) [evosuite-1.0.3.jar:1.0.3]
	at java.util.concurrent.FutureTask.run(FutureTask.java:266) [na:1.8.0_121]
	at java.util.concurrent.ThreadPoolExecutor.runWorker(ThreadPoolExecutor.java:1142) [na:1.8.0_121]
	at java.util.concurrent.ThreadPoolExecutor$Worker.run(ThreadPoolExecutor.java:617) [na:1.8.0_121]
	at java.lang.Thread.run(Thread.java:745) [na:1.8.0_121]
[MASTER] 22:00:58.339 [TEST_EXECUTION_THREAD_0] WARN  OutputCoverageGoal - Class org.evosuite.assertion.Inspector can not access a member of class GenQueue with modifiers "public"
java.lang.IllegalAccessException: Class org.evosuite.assertion.Inspector can not access a member of class GenQueue with modifiers "public"
	at sun.reflect.Reflection.ensureMemberAccess(Reflection.java:102) ~[na:1.8.0_121]
	at java.lang.reflect.AccessibleObject.slowCheckMemberAccess(AccessibleObject.java:296) ~[na:1.8.0_121]
	at java.lang.reflect.AccessibleObject.checkAccess(AccessibleObject.java:288) ~[na:1.8.0_121]
	at java.lang.reflect.Method.invoke(Method.java:491) ~[na:1.8.0_121]
	at org.evosuite.assertion.Inspector.getValue(Inspector.java:86) ~[evosuite-1.0.3.jar:1.0.3]
	at org.evosuite.coverage.io.output.OutputCoverageGoal.createGoalsFromObject(OutputCoverageGoal.java:258) ~[evosuite-1.0.3.jar:1.0.3]
	at org.evosuite.coverage.io.output.OutputObserver.afterStatement(OutputObserver.java:79) [evosuite-1.0.3.jar:1.0.3]
	at org.evosuite.testcase.execution.TestRunnable.informObservers_after(TestRunnable.java:163) [evosuite-1.0.3.jar:1.0.3]
	at org.evosuite.testcase.execution.TestRunnable.executeStatements(TestRunnable.java:361) [evosuite-1.0.3.jar:1.0.3]
	at org.evosuite.testcase.execution.TestRunnable.call(TestRunnable.java:212) [evosuite-1.0.3.jar:1.0.3]
	at org.evosuite.testcase.execution.TestRunnable.call(TestRunnable.java:55) [evosuite-1.0.3.jar:1.0.3]
	at java.util.concurrent.FutureTask.run(FutureTask.java:266) [na:1.8.0_121]
	at java.util.concurrent.ThreadPoolExecutor.runWorker(ThreadPoolExecutor.java:1142) [na:1.8.0_121]
	at java.util.concurrent.ThreadPoolExecutor$Worker.run(ThreadPoolExecutor.java:617) [na:1.8.0_121]
	at java.lang.Thread.run(Thread.java:745) [na:1.8.0_121]
[MASTER] 22:01:00.103 [TEST_EXECUTION_THREAD_0] WARN  OutputCoverageGoal - Class org.evosuite.assertion.Inspector can not access a member of class GenQueue with modifiers "public"
java.lang.IllegalAccessException: Class org.evosuite.assertion.Inspector can not access a member of class GenQueue with modifiers "public"
	at sun.reflect.Reflection.ensureMemberAccess(Reflection.java:102) ~[na:1.8.0_121]
	at java.lang.reflect.AccessibleObject.slowCheckMemberAccess(AccessibleObject.java:296) ~[na:1.8.0_121]
	at java.lang.reflect.AccessibleObject.checkAccess(AccessibleObject.java:288) ~[na:1.8.0_121]
	at java.lang.reflect.Method.invoke(Method.java:491) ~[na:1.8.0_121]
	at org.evosuite.assertion.Inspector.getValue(Inspector.java:86) ~[evosuite-1.0.3.jar:1.0.3]
	at org.evosuite.coverage.io.output.OutputCoverageGoal.createGoalsFromObject(OutputCoverageGoal.java:258) ~[evosuite-1.0.3.jar:1.0.3]
	at org.evosuite.coverage.io.output.OutputObserver.afterStatement(OutputObserver.java:79) [evosuite-1.0.3.jar:1.0.3]
	at org.evosuite.testcase.execution.TestRunnable.informObservers_after(TestRunnable.java:163) [evosuite-1.0.3.jar:1.0.3]
	at org.evosuite.testcase.execution.TestRunnable.executeStatements(TestRunnable.java:361) [evosuite-1.0.3.jar:1.0.3]
	at org.evosuite.testcase.execution.TestRunnable.call(TestRunnable.java:212) [evosuite-1.0.3.jar:1.0.3]
	at org.evosuite.testcase.execution.TestRunnable.call(TestRunnable.java:55) [evosuite-1.0.3.jar:1.0.3]
	at java.util.concurrent.FutureTask.run(FutureTask.java:266) [na:1.8.0_121]
	at java.util.concurrent.ThreadPoolExecutor.runWorker(ThreadPoolExecutor.java:1142) [na:1.8.0_121]
	at java.util.concurrent.ThreadPoolExecutor$Worker.run(ThreadPoolExecutor.java:617) [na:1.8.0_121]
	at java.lang.Thread.run(Thread.java:745) [na:1.8.0_121]
[MASTER] 22:01:05.450 [pool-2-thread-1] WARN  TestSuiteMinimizer - Minimization timeout. Roll back to original test suite
* Going to analyze the coverage criteria
* Coverage analysis for criterion LINE
* Coverage of criterion LINE: 100%
* Total number of goals: 8
* Number of covered goals: 8
* Coverage analysis for criterion BRANCH
* Coverage of criterion BRANCH: 100%
* Total number of goals: 8
* Number of covered goals: 8
* Coverage analysis for criterion EXCEPTION
* Coverage of criterion EXCEPTION: 100%
* Total number of goals: 3
* Number of covered goals: 3
* Coverage analysis for criterion WEAKMUTATION
* Coverage of criterion WEAKMUTATION: 100%
* Total number of goals: 6
* Number of covered goals: 6
* Coverage analysis for criterion OUTPUT
* Coverage of criterion OUTPUT: 86%
* Total number of goals: 7
* Number of covered goals: 6
* Coverage analysis for criterion METHOD
* Coverage of criterion METHOD: 100%
* Total number of goals: 6
* Number of covered goals: 6
* Coverage analysis for criterion METHODNOEXCEPTION
* Coverage of criterion METHODNOEXCEPTION: 100%
* Total number of goals: 6
* Number of covered goals: 6
* Coverage analysis for criterion CBRANCH
* Coverage of criterion CBRANCH: 100%
* Total number of goals: 8
* Number of covered goals: 8
* Generated 11 tests with total length 178
* Resulting test suite's coverage: 98% (average coverage for all fitness functions)
* Generating assertions
* Resulting test suite's mutation score: 50%
* Compiling and checking tests
* Writing JUnit test case 'GenQueue_ESTest' to C:\Users\evtak_000\Documents\School\OSU Junior Year\CS362\project1\.evosuite\tmp_2017_04_17_21_59_02\tests
* Done!

